[21:40:54.704] Server listening on port 51924, PID 18244
[21:40:54.739] readProjectFiles, Found 50 files to read.
[21:40:54.789] Starting PAI Cloud Dev...
[21:40:55.698] [PAI SDK] createCloudSession response: {
  "code": 0,
  "msg": "success",
  "sandboxId": "vefaas-f0vkicge-pyw70jixna-d8cpepo2im59f5g5pllg-sandbox",
  "endpoint": "https://sd62opo6oqou1ckhsuo00.apigateway-cn-beijing.volceapi.com"
}
[21:40:55.767] [PAI SDK] cloudServer.start called, appId: pai-preview-trae-04f80366
[21:40:56.265] [PAI SDK] Received event: log {"content":"\n> taro_template@1.0.0 dev:h5\n> npm run build:h5 -- --watch\n\n","timestamp":1780062056280}
[21:40:56.517] [PAI SDK] Received event: log {"content":"\n> taro_template@1.0.0 build:h5\n> taro build --type h5 --watch\n\n","timestamp":1780062056534}
[21:40:57.144] [PAI SDK] Received event: log {"content":"👽 Taro v4.1.9\n\n","timestamp":1780062057163}
[21:40:59.407] [PAI SDK] Received event: log {"content":"Tips:\n1. 建议开启持久化缓存功能，能有效提升二次编译速度，详情请参考: https://docs.taro.zone/docs/config-detail#cache。\n\n\n","timestamp":1780062059426}
[21:41:01.481] [PAI SDK] Received event: log {"content":"- 即将开始启动编译，请稍等~\n","timestamp":1780062061489}
[21:41:17.815] [PAI SDK] Received event: log {"content":"✅  编译成功 5/29/2026, 9:41:17 PM\n\n","timestamp":1780062077834}
[21:41:17.823] [PAI SDK] cloudServer.start response: {
  "status": "running",
  "msg": "Cloud Server started successfully.",
  "hash": "pai-preview-trae-04f80366"
}
[21:41:41.664] [Preview Server] Frontend connected, clients size = 1
[21:41:41.665] Sending cached status to new connection, lastStatusMessage = {"event":"status_change","message":{"url":"https://sd62opo6oqou1ckhsuo00.apigateway-cn-beijing.volceapi.com/?faasInstanceName=vefaas-f0vkicge-pyw70jixna-d8cpepo2im59f5g5pllg-sandbox&hash=pai-preview-trae-04f80366","schema":"aipa://preview?type=pai&aipa_id=pai-preview-trae-04f80366&uuid=ee2655c0-24d0-4245-916b-b25d423c63b1","status":"running","msg":"Cloud Server started successfully.","framework":"taro"}}
[21:49:18.747] File change detected. Updating...
[21:49:18.758] readProjectFiles, Found 50 files to read.
[21:49:18.772] Files read. Count: 50
[21:49:18.772] Calling pai.updateCloudDev...
[21:49:18.773] [PAI SDK] cloudServer.update called, appId: pai-preview-trae-04f80366
[21:49:18.847] [PAI SDK] Received event: reload {"url":"aipa://pai-preview-trae-04f80366.aipa-cloud.bytedance.net?type=pai","timestamp":1780062558866}
[21:49:18.847] [PAI SDK] CloudServer received reload event: {"url":"aipa://pai-preview-trae-04f80366.aipa-cloud.bytedance.net?type=pai","timestamp":1780062558866}
[21:49:18.848] [PAI SDK] reload, url = https://sd62opo6oqou1ckhsuo00.apigateway-cn-beijing.volceapi.com/?faasInstanceName=vefaas-f0vkicge-pyw70jixna-d8cpepo2im59f5g5pllg-sandbox&hash=pai-preview-trae-04f80366
[21:49:18.848] [PAI SDK] cloudServer.update response: {
  "status": "running",
  "reload": false,
  "hash": "pai-preview-trae-04f80366"
}
[21:49:18.849] Update success (pai.updateCloudDev returned)
[21:49:18.897] [PAI SDK] Received event: log {"content":"<i> [webpack-dev-middleware] wait until bundle finished: /\n","timestamp":1780062558906}
[21:49:20.671] [PAI SDK] Received event: log {"content":"✅  编译成功 5/29/2026, 9:49:20 PM\n\n","timestamp":1780062560691}
[21:49:42.837] File change detected. Updating...
[21:49:42.845] readProjectFiles, Found 50 files to read.
[21:49:42.858] Files read. Count: 50
[21:49:42.858] Calling pai.updateCloudDev...
[21:49:42.858] [PAI SDK] cloudServer.update called, appId: pai-preview-trae-04f80366
[21:49:42.913] [PAI SDK] Received event: reload {"url":"aipa://pai-preview-trae-04f80366.aipa-cloud.bytedance.net?type=pai","timestamp":1780062582933}
[21:49:42.914] [PAI SDK] CloudServer received reload event: {"url":"aipa://pai-preview-trae-04f80366.aipa-cloud.bytedance.net?type=pai","timestamp":1780062582933}
[21:49:42.914] [PAI SDK] reload, url = https://sd62opo6oqou1ckhsuo00.apigateway-cn-beijing.volceapi.com/?faasInstanceName=vefaas-f0vkicge-pyw70jixna-d8cpepo2im59f5g5pllg-sandbox&hash=pai-preview-trae-04f80366
[21:49:42.915] [PAI SDK] cloudServer.update response: {
  "status": "running",
  "reload": false,
  "hash": "pai-preview-trae-04f80366"
}
[21:49:42.915] Update success (pai.updateCloudDev returned)
[21:49:42.944] [PAI SDK] Received event: log {"content":"<i> [webpack-dev-middleware] wait until bundle finished: /\n","timestamp":1780062582964}
[21:49:44.808] [PAI SDK] Received event: log {"content":"✅  编译成功 5/29/2026, 9:49:44 PM\n\n","timestamp":1780062584827}
[21:50:07.984] File change detected. Updating...
[21:50:07.993] readProjectFiles, Found 50 files to read.
[21:50:08.005] Files read. Count: 50
[21:50:08.006] Calling pai.updateCloudDev...
[21:50:08.006] [PAI SDK] cloudServer.update called, appId: pai-preview-trae-04f80366
[21:50:08.061] [PAI SDK] Received event: reload {"url":"aipa://pai-preview-trae-04f80366.aipa-cloud.bytedance.net?type=pai","timestamp":1780062608080}
[21:50:08.062] [PAI SDK] CloudServer received reload event: {"url":"aipa://pai-preview-trae-04f80366.aipa-cloud.bytedance.net?type=pai","timestamp":1780062608080}
[21:50:08.062] [PAI SDK] reload, url = https://sd62opo6oqou1ckhsuo00.apigateway-cn-beijing.volceapi.com/?faasInstanceName=vefaas-f0vkicge-pyw70jixna-d8cpepo2im59f5g5pllg-sandbox&hash=pai-preview-trae-04f80366
[21:50:08.062] [PAI SDK] cloudServer.update response: {
  "status": "running",
  "reload": false,
  "hash": "pai-preview-trae-04f80366"
}
[21:50:08.063] Update success (pai.updateCloudDev returned)
[21:50:08.090] [PAI SDK] Received event: log {"content":"<i> [webpack-dev-middleware] wait until bundle finished: /\n","timestamp":1780062608109}
[21:50:09.762] [PAI SDK] Received event: log {"content":"✅  编译成功 5/29/2026, 9:50:09 PM\n\n","timestamp":1780062609781}
[21:50:27.310] File change detected. Updating...
[21:50:27.317] readProjectFiles, Found 50 files to read.
[21:50:27.328] Files read. Count: 50
[21:50:27.329] Calling pai.updateCloudDev...
[21:50:27.329] [PAI SDK] cloudServer.update called, appId: pai-preview-trae-04f80366
[21:50:27.379] [PAI SDK] Received event: reload {"url":"aipa://pai-preview-trae-04f80366.aipa-cloud.bytedance.net?type=pai","timestamp":1780062627399}
[21:50:27.380] [PAI SDK] CloudServer received reload event: {"url":"aipa://pai-preview-trae-04f80366.aipa-cloud.bytedance.net?type=pai","timestamp":1780062627399}
[21:50:27.380] [PAI SDK] reload, url = https://sd62opo6oqou1ckhsuo00.apigateway-cn-beijing.volceapi.com/?faasInstanceName=vefaas-f0vkicge-pyw70jixna-d8cpepo2im59f5g5pllg-sandbox&hash=pai-preview-trae-04f80366
[21:50:27.380] [PAI SDK] cloudServer.update response: {
  "status": "running",
  "reload": false,
  "hash": "pai-preview-trae-04f80366"
}
[21:50:27.381] Update success (pai.updateCloudDev returned)
[21:50:27.409] [PAI SDK] Received event: log {"content":"<i> [webpack-dev-middleware] wait until bundle finished: /\n","timestamp":1780062627430}
[21:50:28.714] [PAI SDK] Received event: log {"content":"✅  编译成功 5/29/2026, 9:50:28 PM\n\n","timestamp":1780062628734}
[21:50:55.228] File change detected. Updating...
[21:50:55.237] readProjectFiles, Found 50 files to read.
[21:50:55.249] Files read. Count: 50
[21:50:55.249] Calling pai.updateCloudDev...
[21:50:55.249] [PAI SDK] cloudServer.update called, appId: pai-preview-trae-04f80366
[21:50:55.304] [PAI SDK] Received event: reload {"url":"aipa://pai-preview-trae-04f80366.aipa-cloud.bytedance.net?type=pai","timestamp":1780062655324}
[21:50:55.304] [PAI SDK] CloudServer received reload event: {"url":"aipa://pai-preview-trae-04f80366.aipa-cloud.bytedance.net?type=pai","timestamp":1780062655324}
[21:50:55.305] [PAI SDK] reload, url = https://sd62opo6oqou1ckhsuo00.apigateway-cn-beijing.volceapi.com/?faasInstanceName=vefaas-f0vkicge-pyw70jixna-d8cpepo2im59f5g5pllg-sandbox&hash=pai-preview-trae-04f80366
[21:50:55.305] [PAI SDK] cloudServer.update response: {
  "status": "running",
  "reload": false,
  "hash": "pai-preview-trae-04f80366"
}
[21:50:55.306] Update success (pai.updateCloudDev returned)
[21:50:55.356] [PAI SDK] Received event: log {"content":"<i> [webpack-dev-middleware] wait until bundle finished: /\n","timestamp":1780062655377}
[21:50:56.884] [PAI SDK] Received event: log {"content":"✅  编译成功 5/29/2026, 9:50:56 PM\n\n","timestamp":1780062656904}
[21:51:05.339] File change detected. Updating...
[21:51:05.363] readProjectFiles, Found 50 files to read.
[21:51:05.381] Files read. Count: 50
[21:51:05.381] Calling pai.updateCloudDev...
[21:51:05.381] [PAI SDK] cloudServer.update called, appId: pai-preview-trae-04f80366
[21:51:05.439] [PAI SDK] Received event: reload {"url":"aipa://pai-preview-trae-04f80366.aipa-cloud.bytedance.net?type=pai","timestamp":1780062665459}
[21:51:05.439] [PAI SDK] CloudServer received reload event: {"url":"aipa://pai-preview-trae-04f80366.aipa-cloud.bytedance.net?type=pai","timestamp":1780062665459}
[21:51:05.439] [PAI SDK] reload, url = https://sd62opo6oqou1ckhsuo00.apigateway-cn-beijing.volceapi.com/?faasInstanceName=vefaas-f0vkicge-pyw70jixna-d8cpepo2im59f5g5pllg-sandbox&hash=pai-preview-trae-04f80366
[21:51:05.440] [PAI SDK] cloudServer.update response: {
  "status": "running",
  "reload": false,
  "hash": "pai-preview-trae-04f80366"
}
[21:51:05.440] Update success (pai.updateCloudDev returned)
[21:51:05.467] [PAI SDK] Received event: log {"content":"<i> [webpack-dev-middleware] wait until bundle finished: /\n","timestamp":1780062665488}
[21:51:06.771] [PAI SDK] Received event: log {"content":"✅  编译成功 5/29/2026, 9:51:06 PM\n\n","timestamp":1780062666790}
[21:51:36.527] File change detected. Updating...
[21:51:36.533] readProjectFiles, Found 50 files to read.
[21:51:36.546] Files read. Count: 50
[21:51:36.546] Calling pai.updateCloudDev...
[21:51:36.546] [PAI SDK] cloudServer.update called, appId: pai-preview-trae-04f80366
[21:51:36.596] [PAI SDK] Received event: reload {"url":"aipa://pai-preview-trae-04f80366.aipa-cloud.bytedance.net?type=pai","timestamp":1780062696614}
[21:51:36.597] [PAI SDK] CloudServer received reload event: {"url":"aipa://pai-preview-trae-04f80366.aipa-cloud.bytedance.net?type=pai","timestamp":1780062696614}
[21:51:36.597] [PAI SDK] reload, url = https://sd62opo6oqou1ckhsuo00.apigateway-cn-beijing.volceapi.com/?faasInstanceName=vefaas-f0vkicge-pyw70jixna-d8cpepo2im59f5g5pllg-sandbox&hash=pai-preview-trae-04f80366
[21:51:36.597] [PAI SDK] cloudServer.update response: {
  "status": "running",
  "reload": false,
  "hash": "pai-preview-trae-04f80366"
}
[21:51:36.597] Update success (pai.updateCloudDev returned)
[21:51:36.626] [PAI SDK] Received event: log {"content":"<i> [webpack-dev-middleware] wait until bundle finished: /\n","timestamp":1780062696646}
[21:51:38.359] [PAI SDK] Received event: log {"content":"✅  编译成功 5/29/2026, 9:51:38 PM\n\n","timestamp":1780062698379}
[21:51:43.827] File change detected. Updating...
[21:51:43.850] readProjectFiles, Found 50 files to read.
[21:51:43.864] Files read. Count: 50
[21:51:43.864] Calling pai.updateCloudDev...
[21:51:43.865] [PAI SDK] cloudServer.update called, appId: pai-preview-trae-04f80366
[21:51:43.919] [PAI SDK] Received event: reload {"url":"aipa://pai-preview-trae-04f80366.aipa-cloud.bytedance.net?type=pai","timestamp":1780062703939}
[21:51:43.919] [PAI SDK] CloudServer received reload event: {"url":"aipa://pai-preview-trae-04f80366.aipa-cloud.bytedance.net?type=pai","timestamp":1780062703939}
[21:51:43.920] [PAI SDK] reload, url = https://sd62opo6oqou1ckhsuo00.apigateway-cn-beijing.volceapi.com/?faasInstanceName=vefaas-f0vkicge-pyw70jixna-d8cpepo2im59f5g5pllg-sandbox&hash=pai-preview-trae-04f80366
[21:51:43.920] [PAI SDK] cloudServer.update response: {
  "status": "running",
  "reload": false,
  "hash": "pai-preview-trae-04f80366"
}
[21:51:43.920] Update success (pai.updateCloudDev returned)
[21:51:43.949] [PAI SDK] Received event: log {"content":"<i> [webpack-dev-middleware] wait until bundle finished: /\n","timestamp":1780062703970}
[21:51:45.516] [PAI SDK] Received event: log {"content":"✅  编译成功 5/29/2026, 9:51:45 PM\n\n","timestamp":1780062705536}
[21:51:54.121] File change detected. Updating...
[21:51:54.127] readProjectFiles, Found 50 files to read.
[21:51:54.138] Files read. Count: 50
[21:51:54.139] Calling pai.updateCloudDev...
[21:51:54.139] [PAI SDK] cloudServer.update called, appId: pai-preview-trae-04f80366
[21:51:54.197] [PAI SDK] Received event: reload {"url":"aipa://pai-preview-trae-04f80366.aipa-cloud.bytedance.net?type=pai","timestamp":1780062714218}
[21:51:54.198] [PAI SDK] CloudServer received reload event: {"url":"aipa://pai-preview-trae-04f80366.aipa-cloud.bytedance.net?type=pai","timestamp":1780062714218}
[21:51:54.198] [PAI SDK] reload, url = https://sd62opo6oqou1ckhsuo00.apigateway-cn-beijing.volceapi.com/?faasInstanceName=vefaas-f0vkicge-pyw70jixna-d8cpepo2im59f5g5pllg-sandbox&hash=pai-preview-trae-04f80366
[21:51:54.198] [PAI SDK] cloudServer.update response: {
  "status": "running",
  "reload": false,
  "hash": "pai-preview-trae-04f80366"
}
[21:51:54.198] Update success (pai.updateCloudDev returned)
[21:51:54.223] [PAI SDK] Received event: log {"content":"<i> [webpack-dev-middleware] wait until bundle finished: /\n","timestamp":1780062714244}
[21:51:55.408] [PAI SDK] Received event: log {"content":"✅  编译成功 5/29/2026, 9:51:55 PM\n\n","timestamp":1780062715428}
[21:52:00.757] File change detected. Updating...
[21:52:00.775] readProjectFiles, Found 50 files to read.
[21:52:00.792] Files read. Count: 50
[21:52:00.792] Calling pai.updateCloudDev...
[21:52:00.792] [PAI SDK] cloudServer.update called, appId: pai-preview-trae-04f80366
[21:52:00.847] [PAI SDK] Received event: reload {"url":"aipa://pai-preview-trae-04f80366.aipa-cloud.bytedance.net?type=pai","timestamp":1780062720867}
[21:52:00.848] [PAI SDK] CloudServer received reload event: {"url":"aipa://pai-preview-trae-04f80366.aipa-cloud.bytedance.net?type=pai","timestamp":1780062720867}
[21:52:00.848] [PAI SDK] reload, url = https://sd62opo6oqou1ckhsuo00.apigateway-cn-beijing.volceapi.com/?faasInstanceName=vefaas-f0vkicge-pyw70jixna-d8cpepo2im59f5g5pllg-sandbox&hash=pai-preview-trae-04f80366
[21:52:00.848] [PAI SDK] cloudServer.update response: {
  "status": "running",
  "reload": false,
  "hash": "pai-preview-trae-04f80366"
}
[21:52:00.848] Update success (pai.updateCloudDev returned)
[21:52:00.873] [PAI SDK] Received event: log {"content":"<i> [webpack-dev-middleware] wait until bundle finished: /\n","timestamp":1780062720894}
[21:52:01.942] [PAI SDK] Received event: log {"content":"✅  编译成功 5/29/2026, 9:52:01 PM\n\n","timestamp":1780062721962}
[22:34:49.148] [PAI SDK] WebSocket closed, reconnecting (1/3)...
[22:34:59.236] [Global WebSocket] Suppressed error to prevent crash: Unexpected server response: 404
[22:34:59.237] [PAI SDK] WebSocket closed, reconnecting (1/3)...
[22:35:09.320] [Global WebSocket] Suppressed error to prevent crash: Unexpected server response: 404
[22:35:09.320] [PAI SDK] WebSocket closed, reconnecting (1/3)...
[22:35:19.382] [Global WebSocket] Suppressed error to prevent crash: Unexpected server response: 404
[22:35:19.383] [PAI SDK] WebSocket closed, reconnecting (1/3)...
[22:35:29.474] [Global WebSocket] Suppressed error to prevent crash: Unexpected server response: 404
[22:35:29.475] [PAI SDK] WebSocket closed, reconnecting (1/3)...
[22:35:39.540] [Global WebSocket] Suppressed error to prevent crash: Unexpected server response: 404
[22:35:39.540] [PAI SDK] WebSocket closed, reconnecting (1/3)...
[22:35:49.612] [Global WebSocket] Suppressed error to prevent crash: Unexpected server response: 404
[22:35:49.612] [PAI SDK] WebSocket closed, reconnecting (1/3)...
[22:35:59.688] [Global WebSocket] Suppressed error to prevent crash: Unexpected server response: 404
[22:35:59.689] [PAI SDK] WebSocket closed, reconnecting (1/3)...
[22:36:09.763] [Global WebSocket] Suppressed error to prevent crash: Unexpected server response: 404
[22:36:09.763] [PAI SDK] WebSocket closed, reconnecting (1/3)...
[22:36:19.821] [Global WebSocket] Suppressed error to prevent crash: Unexpected server response: 404
[22:36:19.821] [PAI SDK] WebSocket closed, reconnecting (1/3)...
[22:36:29.941] [Global WebSocket] Suppressed error to prevent crash: Unexpected server response: 404
[22:36:29.942] [PAI SDK] WebSocket closed, reconnecting (1/3)...
[22:36:40.004] [Global WebSocket] Suppressed error to prevent crash: Unexpected server response: 404
[22:36:40.004] [PAI SDK] WebSocket closed, reconnecting (1/3)...
[22:36:50.098] [Global WebSocket] Suppressed error to prevent crash: Unexpected server response: 404
[22:36:50.099] [PAI SDK] WebSocket closed, reconnecting (1/3)...
[22:37:00.185] [Global WebSocket] Suppressed error to prevent crash: Unexpected server response: 404
[22:37:00.185] [PAI SDK] WebSocket closed, reconnecting (1/3)...
[22:37:10.274] [Global WebSocket] Suppressed error to prevent crash: Unexpected server response: 404
[22:37:10.275] [PAI SDK] WebSocket closed, reconnecting (1/3)...
[22:37:20.353] [Global WebSocket] Suppressed error to prevent crash: Unexpected server response: 404
[22:37:20.353] [PAI SDK] WebSocket closed, reconnecting (1/3)...
[22:37:30.435] [Global WebSocket] Suppressed error to prevent crash: Unexpected server response: 404
[22:37:30.435] [PAI SDK] WebSocket closed, reconnecting (1/3)...
[22:37:40.511] [Global WebSocket] Suppressed error to prevent crash: Unexpected server response: 404
[22:37:40.511] [PAI SDK] WebSocket closed, reconnecting (1/3)...
[22:37:50.582] [Global WebSocket] Suppressed error to prevent crash: Unexpected server response: 404
[22:37:50.582] [PAI SDK] WebSocket closed, reconnecting (1/3)...
[22:38:00.645] [Global WebSocket] Suppressed error to prevent crash: Unexpected server response: 404
[22:38:00.645] [PAI SDK] WebSocket closed, reconnecting (1/3)...
[22:38:10.711] [Global WebSocket] Suppressed error to prevent crash: Unexpected server response: 404
[22:38:10.712] [PAI SDK] WebSocket closed, reconnecting (1/3)...
[22:38:20.786] [Global WebSocket] Suppressed error to prevent crash: Unexpected server response: 404
[22:38:20.787] [PAI SDK] WebSocket closed, reconnecting (1/3)...
[22:38:30.861] [Global WebSocket] Suppressed error to prevent crash: Unexpected server response: 404
[22:38:30.862] [PAI SDK] WebSocket closed, reconnecting (1/3)...
[22:38:40.942] [Global WebSocket] Suppressed error to prevent crash: Unexpected server response: 404
[22:38:40.943] [PAI SDK] WebSocket closed, reconnecting (1/3)...
[22:38:51.018] [Global WebSocket] Suppressed error to prevent crash: Unexpected server response: 404
[22:38:51.018] [PAI SDK] WebSocket closed, reconnecting (1/3)...
[22:39:01.113] [Global WebSocket] Suppressed error to prevent crash: Unexpected server response: 404
[22:39:01.113] [PAI SDK] WebSocket closed, reconnecting (1/3)...
[22:39:11.190] [Global WebSocket] Suppressed error to prevent crash: Unexpected server response: 404
[22:39:11.191] [PAI SDK] WebSocket closed, reconnecting (1/3)...
[22:39:21.307] [Global WebSocket] Suppressed error to prevent crash: Unexpected server response: 404
[22:39:21.307] [PAI SDK] WebSocket closed, reconnecting (1/3)...
[22:39:31.405] [Global WebSocket] Suppressed error to prevent crash: Unexpected server response: 404
[22:39:31.405] [PAI SDK] WebSocket closed, reconnecting (1/3)...
[22:39:41.491] [Global WebSocket] Suppressed error to prevent crash: Unexpected server response: 404
[22:39:41.491] [PAI SDK] WebSocket closed, reconnecting (1/3)...
[22:39:51.554] [Global WebSocket] Suppressed error to prevent crash: Unexpected server response: 404
[22:39:51.554] [PAI SDK] WebSocket closed, reconnecting (1/3)...
[22:40:01.644] [Global WebSocket] Suppressed error to prevent crash: Unexpected server response: 404
[22:40:01.645] [PAI SDK] WebSocket closed, reconnecting (1/3)...
[22:40:11.710] [Global WebSocket] Suppressed error to prevent crash: Unexpected server response: 404
[22:40:11.710] [PAI SDK] WebSocket closed, reconnecting (1/3)...
[22:40:21.809] [Global WebSocket] Suppressed error to prevent crash: Unexpected server response: 404
[22:40:21.809] [PAI SDK] WebSocket closed, reconnecting (1/3)...
[22:40:31.921] [Global WebSocket] Suppressed error to prevent crash: Unexpected server response: 404
[22:40:31.921] [PAI SDK] WebSocket closed, reconnecting (1/3)...
[22:40:41.991] [Global WebSocket] Suppressed error to prevent crash: Unexpected server response: 404
[22:40:41.991] [PAI SDK] WebSocket closed, reconnecting (1/3)...
[22:40:52.051] [Global WebSocket] Suppressed error to prevent crash: Unexpected server response: 404
[22:40:52.052] [PAI SDK] WebSocket closed, reconnecting (1/3)...
[22:41:02.112] [Global WebSocket] Suppressed error to prevent crash: Unexpected server response: 404
[22:41:02.112] [PAI SDK] WebSocket closed, reconnecting (1/3)...
[22:41:12.322] [Global WebSocket] Suppressed error to prevent crash: Unexpected server response: 404
[22:41:12.322] [PAI SDK] WebSocket closed, reconnecting (1/3)...
[22:41:22.400] [Global WebSocket] Suppressed error to prevent crash: Unexpected server response: 404
[22:41:22.400] [PAI SDK] WebSocket closed, reconnecting (1/3)...
[22:41:32.467] [Global WebSocket] Suppressed error to prevent crash: Unexpected server response: 404
[22:41:32.468] [PAI SDK] WebSocket closed, reconnecting (1/3)...
[22:41:42.534] [Global WebSocket] Suppressed error to prevent crash: Unexpected server response: 404
[22:41:42.534] [PAI SDK] WebSocket closed, reconnecting (1/3)...
[22:41:52.597] [Global WebSocket] Suppressed error to prevent crash: Unexpected server response: 404
[22:41:52.597] [PAI SDK] WebSocket closed, reconnecting (1/3)...
[22:42:02.694] [Global WebSocket] Suppressed error to prevent crash: Unexpected server response: 404
[22:42:02.695] [PAI SDK] WebSocket closed, reconnecting (1/3)...
[22:42:12.761] [Global WebSocket] Suppressed error to prevent crash: Unexpected server response: 404
[22:42:12.761] [PAI SDK] WebSocket closed, reconnecting (1/3)...
[22:42:22.826] [Global WebSocket] Suppressed error to prevent crash: Unexpected server response: 404
[22:42:22.827] [PAI SDK] WebSocket closed, reconnecting (1/3)...
[22:42:32.909] [Global WebSocket] Suppressed error to prevent crash: Unexpected server response: 404
[22:42:32.910] [PAI SDK] WebSocket closed, reconnecting (1/3)...
[22:42:42.969] [Global WebSocket] Suppressed error to prevent crash: Unexpected server response: 404
[22:42:42.969] [PAI SDK] WebSocket closed, reconnecting (1/3)...
[22:42:53.022] [Global WebSocket] Suppressed error to prevent crash: Unexpected server response: 404
[22:42:53.022] [PAI SDK] WebSocket closed, reconnecting (1/3)...
[22:43:03.110] [Global WebSocket] Suppressed error to prevent crash: Unexpected server response: 404
[22:43:03.110] [PAI SDK] WebSocket closed, reconnecting (1/3)...
[22:43:13.194] [Global WebSocket] Suppressed error to prevent crash: Unexpected server response: 404
[22:43:13.195] [PAI SDK] WebSocket closed, reconnecting (1/3)...
[22:43:23.246] [Global WebSocket] Suppressed error to prevent crash: Unexpected server response: 404
[22:43:23.247] [PAI SDK] WebSocket closed, reconnecting (1/3)...
[22:43:33.344] [Global WebSocket] Suppressed error to prevent crash: Unexpected server response: 404
[22:43:33.344] [PAI SDK] WebSocket closed, reconnecting (1/3)...
[22:43:43.470] [Global WebSocket] Suppressed error to prevent crash: Unexpected server response: 404
[22:43:43.470] [PAI SDK] WebSocket closed, reconnecting (1/3)...
[22:43:53.536] [Global WebSocket] Suppressed error to prevent crash: Unexpected server response: 404
[22:43:53.536] [PAI SDK] WebSocket closed, reconnecting (1/3)...
[22:44:03.599] [Global WebSocket] Suppressed error to prevent crash: Unexpected server response: 404
[22:44:03.600] [PAI SDK] WebSocket closed, reconnecting (1/3)...
[22:44:13.718] [Global WebSocket] Suppressed error to prevent crash: Unexpected server response: 404
[22:44:13.719] [PAI SDK] WebSocket closed, reconnecting (1/3)...
[22:44:23.787] [Global WebSocket] Suppressed error to prevent crash: Unexpected server response: 404
[22:44:23.787] [PAI SDK] WebSocket closed, reconnecting (1/3)...
[22:44:33.895] [Global WebSocket] Suppressed error to prevent crash: Unexpected server response: 404
[22:44:33.896] [PAI SDK] WebSocket closed, reconnecting (1/3)...
[22:44:44.003] [Global WebSocket] Suppressed error to prevent crash: Unexpected server response: 404
[22:44:44.003] [PAI SDK] WebSocket closed, reconnecting (1/3)...
[22:44:54.092] [Global WebSocket] Suppressed error to prevent crash: Unexpected server response: 404
[22:44:54.092] [PAI SDK] WebSocket closed, reconnecting (1/3)...
[22:45:04.167] [Global WebSocket] Suppressed error to prevent crash: Unexpected server response: 404
[22:45:04.167] [PAI SDK] WebSocket closed, reconnecting (1/3)...
[22:45:14.251] [Global WebSocket] Suppressed error to prevent crash: Unexpected server response: 404
[22:45:14.251] [PAI SDK] WebSocket closed, reconnecting (1/3)...
[22:45:24.318] [Global WebSocket] Suppressed error to prevent crash: Unexpected server response: 404
[22:45:24.318] [PAI SDK] WebSocket closed, reconnecting (1/3)...
[22:45:34.435] [Global WebSocket] Suppressed error to prevent crash: Unexpected server response: 404
[22:45:34.435] [PAI SDK] WebSocket closed, reconnecting (1/3)...
[22:45:44.564] [Global WebSocket] Suppressed error to prevent crash: Unexpected server response: 404
[22:45:44.565] [PAI SDK] WebSocket closed, reconnecting (1/3)...
[22:45:54.636] [Global WebSocket] Suppressed error to prevent crash: Unexpected server response: 404
[22:45:54.636] [PAI SDK] WebSocket closed, reconnecting (1/3)...
[22:46:04.725] [Global WebSocket] Suppressed error to prevent crash: Unexpected server response: 404
[22:46:04.725] [PAI SDK] WebSocket closed, reconnecting (1/3)...
[22:46:14.788] [Global WebSocket] Suppressed error to prevent crash: Unexpected server response: 404
[22:46:14.788] [PAI SDK] WebSocket closed, reconnecting (1/3)...
[22:46:24.897] [Global WebSocket] Suppressed error to prevent crash: Unexpected server response: 404
[22:46:24.897] [PAI SDK] WebSocket closed, reconnecting (1/3)...
[22:46:34.969] [Global WebSocket] Suppressed error to prevent crash: Unexpected server response: 404
[22:46:34.970] [PAI SDK] WebSocket closed, reconnecting (1/3)...
[22:46:45.056] [Global WebSocket] Suppressed error to prevent crash: Unexpected server response: 404
[22:46:45.056] [PAI SDK] WebSocket closed, reconnecting (1/3)...
[22:46:55.130] [Global WebSocket] Suppressed error to prevent crash: Unexpected server response: 404
[22:46:55.131] [PAI SDK] WebSocket closed, reconnecting (1/3)...
[22:47:05.197] [Global WebSocket] Suppressed error to prevent crash: Unexpected server response: 404
[22:47:05.197] [PAI SDK] WebSocket closed, reconnecting (1/3)...
[22:47:15.282] [Global WebSocket] Suppressed error to prevent crash: Unexpected server response: 404
[22:47:15.283] [PAI SDK] WebSocket closed, reconnecting (1/3)...
[22:47:25.343] [Global WebSocket] Suppressed error to prevent crash: Unexpected server response: 404
[22:47:25.344] [PAI SDK] WebSocket closed, reconnecting (1/3)...
[22:47:35.416] [Global WebSocket] Suppressed error to prevent crash: Unexpected server response: 404
[22:47:35.416] [PAI SDK] WebSocket closed, reconnecting (1/3)...
[22:47:45.543] [Global WebSocket] Suppressed error to prevent crash: Unexpected server response: 404
[22:47:45.544] [PAI SDK] WebSocket closed, reconnecting (1/3)...
[22:47:55.629] [Global WebSocket] Suppressed error to prevent crash: Unexpected server response: 404
[22:47:55.629] [PAI SDK] WebSocket closed, reconnecting (1/3)...
[22:48:05.691] [Global WebSocket] Suppressed error to prevent crash: Unexpected server response: 404
[22:48:05.691] [PAI SDK] WebSocket closed, reconnecting (1/3)...
[22:48:15.783] [Global WebSocket] Suppressed error to prevent crash: Unexpected server response: 404
[22:48:15.783] [PAI SDK] WebSocket closed, reconnecting (1/3)...
[22:48:25.859] [Global WebSocket] Suppressed error to prevent crash: Unexpected server response: 404
[22:48:25.859] [PAI SDK] WebSocket closed, reconnecting (1/3)...
[22:48:35.939] [Global WebSocket] Suppressed error to prevent crash: Unexpected server response: 404
[22:48:35.939] [PAI SDK] WebSocket closed, reconnecting (1/3)...
[22:48:46.028] [Global WebSocket] Suppressed error to prevent crash: Unexpected server response: 404
[22:48:46.028] [PAI SDK] WebSocket closed, reconnecting (1/3)...
[22:48:56.107] [Global WebSocket] Suppressed error to prevent crash: Unexpected server response: 404
[22:48:56.107] [PAI SDK] WebSocket closed, reconnecting (1/3)...
[22:49:06.172] [Global WebSocket] Suppressed error to prevent crash: Unexpected server response: 404
[22:49:06.172] [PAI SDK] WebSocket closed, reconnecting (1/3)...
[22:49:16.269] [Global WebSocket] Suppressed error to prevent crash: Unexpected server response: 404
[22:49:16.269] [PAI SDK] WebSocket closed, reconnecting (1/3)...
[22:49:26.326] [Global WebSocket] Suppressed error to prevent crash: Unexpected server response: 404
[22:49:26.327] [PAI SDK] WebSocket closed, reconnecting (1/3)...
[22:49:36.422] [Global WebSocket] Suppressed error to prevent crash: Unexpected server response: 404
[22:49:36.422] [PAI SDK] WebSocket closed, reconnecting (1/3)...
[22:49:46.496] [Global WebSocket] Suppressed error to prevent crash: Unexpected server response: 404
[22:49:46.496] [PAI SDK] WebSocket closed, reconnecting (1/3)...
[22:49:56.566] [Global WebSocket] Suppressed error to prevent crash: Unexpected server response: 404
[22:49:56.567] [PAI SDK] WebSocket closed, reconnecting (1/3)...
[22:50:06.638] [Global WebSocket] Suppressed error to prevent crash: Unexpected server response: 404
[22:50:06.639] [PAI SDK] WebSocket closed, reconnecting (1/3)...
[22:50:16.728] [Global WebSocket] Suppressed error to prevent crash: Unexpected server response: 404
[22:50:16.729] [PAI SDK] WebSocket closed, reconnecting (1/3)...
[22:50:26.807] [Global WebSocket] Suppressed error to prevent crash: Unexpected server response: 404
[22:50:26.807] [PAI SDK] WebSocket closed, reconnecting (1/3)...
[22:50:36.874] [Global WebSocket] Suppressed error to prevent crash: Unexpected server response: 404
[22:50:36.874] [PAI SDK] WebSocket closed, reconnecting (1/3)...
[22:50:46.938] [Global WebSocket] Suppressed error to prevent crash: Unexpected server response: 404
[22:50:46.939] [PAI SDK] WebSocket closed, reconnecting (1/3)...
[22:50:57.015] [Global WebSocket] Suppressed error to prevent crash: Unexpected server response: 404
[22:50:57.015] [PAI SDK] WebSocket closed, reconnecting (1/3)...
[22:51:07.097] [Global WebSocket] Suppressed error to prevent crash: Unexpected server response: 404
[22:51:07.097] [PAI SDK] WebSocket closed, reconnecting (1/3)...
[22:51:17.213] [Global WebSocket] Suppressed error to prevent crash: Unexpected server response: 404
[22:51:17.213] [PAI SDK] WebSocket closed, reconnecting (1/3)...
[22:51:27.282] [Global WebSocket] Suppressed error to prevent crash: Unexpected server response: 404
[22:51:27.282] [PAI SDK] WebSocket closed, reconnecting (1/3)...
[22:51:37.373] [Global WebSocket] Suppressed error to prevent crash: Unexpected server response: 404
[22:51:37.374] [PAI SDK] WebSocket closed, reconnecting (1/3)...
[22:51:47.458] [Global WebSocket] Suppressed error to prevent crash: Unexpected server response: 404
[22:51:47.459] [PAI SDK] WebSocket closed, reconnecting (1/3)...
[22:51:57.532] [Global WebSocket] Suppressed error to prevent crash: Unexpected server response: 404
[22:51:57.533] [PAI SDK] WebSocket closed, reconnecting (1/3)...
[22:52:07.625] [Global WebSocket] Suppressed error to prevent crash: Unexpected server response: 404
[22:52:07.625] [PAI SDK] WebSocket closed, reconnecting (1/3)...
[22:52:17.753] [Global WebSocket] Suppressed error to prevent crash: Unexpected server response: 404
[22:52:17.753] [PAI SDK] WebSocket closed, reconnecting (1/3)...
[22:52:27.820] [Global WebSocket] Suppressed error to prevent crash: Unexpected server response: 404
[22:52:27.821] [PAI SDK] WebSocket closed, reconnecting (1/3)...
[22:52:37.897] [Global WebSocket] Suppressed error to prevent crash: Unexpected server response: 404
[22:52:37.897] [PAI SDK] WebSocket closed, reconnecting (1/3)...
[22:52:47.977] [Global WebSocket] Suppressed error to prevent crash: Unexpected server response: 404
[22:52:47.977] [PAI SDK] WebSocket closed, reconnecting (1/3)...
[22:52:58.055] [Global WebSocket] Suppressed error to prevent crash: Unexpected server response: 404
[22:52:58.055] [PAI SDK] WebSocket closed, reconnecting (1/3)...
[22:53:08.137] [Global WebSocket] Suppressed error to prevent crash: Unexpected server response: 404
[22:53:08.137] [PAI SDK] WebSocket closed, reconnecting (1/3)...
[22:53:18.236] [Global WebSocket] Suppressed error to prevent crash: Unexpected server response: 404
[22:53:18.237] [PAI SDK] WebSocket closed, reconnecting (1/3)...
[22:53:28.306] [Global WebSocket] Suppressed error to prevent crash: Unexpected server response: 404
[22:53:28.307] [PAI SDK] WebSocket closed, reconnecting (1/3)...
[22:53:38.404] [Global WebSocket] Suppressed error to prevent crash: Unexpected server response: 404
[22:53:38.404] [PAI SDK] WebSocket closed, reconnecting (1/3)...
[22:53:48.468] [Global WebSocket] Suppressed error to prevent crash: Unexpected server response: 404
[22:53:48.469] [PAI SDK] WebSocket closed, reconnecting (1/3)...
[22:53:58.607] [Global WebSocket] Suppressed error to prevent crash: Unexpected server response: 404
[22:53:58.608] [PAI SDK] WebSocket closed, reconnecting (1/3)...
[22:54:08.665] [Global WebSocket] Suppressed error to prevent crash: Unexpected server response: 404
[22:54:08.665] [PAI SDK] WebSocket closed, reconnecting (1/3)...
[22:54:18.724] [Global WebSocket] Suppressed error to prevent crash: Unexpected server response: 404
[22:54:18.724] [PAI SDK] WebSocket closed, reconnecting (1/3)...
[22:54:28.822] [Global WebSocket] Suppressed error to prevent crash: Unexpected server response: 404
[22:54:28.823] [PAI SDK] WebSocket closed, reconnecting (1/3)...
[22:54:38.893] [Global WebSocket] Suppressed error to prevent crash: Unexpected server response: 404
[22:54:38.894] [PAI SDK] WebSocket closed, reconnecting (1/3)...
[22:54:44.736] [Preview Server] Frontend disconnected, clients size = 1
[22:54:48.981] [Global WebSocket] Suppressed error to prevent crash: Unexpected server response: 404
[22:54:48.981] [PAI SDK] WebSocket closed, reconnecting (1/3)...
