[19:32:58.420] Server listening on port 57706, PID 7144
[19:32:58.452] readProjectFiles, Found 36 files to read.
[19:32:58.484] Starting PAI Cloud Dev...
[19:32:58.763] [PAI SDK] createCloudSession response: {
  "code": 0,
  "msg": "success",
  "sandboxId": "vefaas-f0vkicge-pyw70jixna-d8e1mkg2op1mmqge2rc0-sandbox",
  "endpoint": "https://sd62opo6oqou1ckhsuo00.apigateway-cn-beijing.volceapi.com"
}
[19:32:58.830] [PAI SDK] cloudServer.start called, appId: pai-preview-trae-d5cdf0a2
[19:32:59.204] [PAI SDK] Received event: log {"content":"\n> taro_template@1.0.0 dev:h5\n> npm run build:h5 -- --watch\n\n","timestamp":1780227180115}
[19:32:59.391] [PAI SDK] Received event: log {"content":"\n> taro_template@1.0.0 build:h5\n> taro build --type h5 --watch\n\n","timestamp":1780227180302}
[19:32:59.818] [PAI SDK] Received event: log {"content":"👽 Taro v4.1.9\n\n","timestamp":1780227180730}
[19:33:01.578] [PAI SDK] Received event: log {"content":"Tips:\n1. 建议开启持久化缓存功能，能有效提升二次编译速度，详情请参考: https://docs.taro.zone/docs/config-detail#cache。\n\n\n","timestamp":1780227182422}
[19:33:03.613] [PAI SDK] Received event: log {"content":"ℹ 预览端口 10086 被占用, 自动切换到空闲端口 10087\n","timestamp":1780227184525}
[19:33:04.195] [PAI SDK] Received event: log {"content":"- 即将开始启动编译，请稍等~\n","timestamp":1780227185106}
[19:33:15.079] [Preview Server] Frontend connected, clients size = 1
[19:33:19.784] [PAI SDK] Received event: log {"content":"✅  编译成功 5/31/2026, 7:33:20 PM\n\n","timestamp":1780227200696}
[19:33:19.800] [PAI SDK] cloudServer.start response: {
  "status": "running",
  "msg": "Cloud Server started successfully.",
  "hash": "pai-preview-trae-d5cdf0a2"
}
[20:19:26.156] [PAI SDK] Received event: log {"content":"✅  编译成功 5/31/2026, 8:19:27 PM\n\n","timestamp":1780229967075}
[20:20:09.253] [Preview Server] Frontend disconnected, clients size = 1
[20:28:17.239] [PAI SDK] Received event: log {"content":"✅  编译成功 5/31/2026, 8:28:18 PM\n\n","timestamp":1780230498159}
[21:20:20.809] Heartbeat timeout.
[21:20:20.810] Shutting down...
[21:20:20.811] Stopping Cloud Dev...
