[07:08:59.560] Server listening on port 57992, PID 22068
[07:08:59.739] readProjectFiles, Found 31 files to read.
[07:08:59.779] Starting PAI Cloud Dev...
[07:09:00.684] [PAI SDK] createCloudSession response: {
  "code": 0,
  "msg": "success",
  "sandboxId": "vefaas-f0vkicge-pyw70jixna-d8d1p302op1mmqg7cmv0-sandbox",
  "endpoint": "https://sd62opo6oqou1ckhsuo00.apigateway-cn-beijing.volceapi.com"
}
[07:09:00.762] [PAI SDK] cloudServer.start called, appId: pai-preview-trae-951d7f3e
[07:09:01.230] [PAI SDK] Received event: log {"content":"\n> taro_template@1.0.0 dev:h5\n> npm run build:h5 -- --watch\n\n","timestamp":1780096141859}
[07:09:01.420] [PAI SDK] Received event: log {"content":"\n> taro_template@1.0.0 build:h5\n> taro build --type h5 --watch\n\n","timestamp":1780096142042}
[07:09:01.855] [PAI SDK] Received event: log {"content":"👽 Taro v4.1.9\n\n","timestamp":1780096142511}
[07:09:03.574] [PAI SDK] Received event: log {"content":"Tips:\n1. 建议开启持久化缓存功能，能有效提升二次编译速度，详情请参考: https://docs.taro.zone/docs/config-detail#cache。\n\n\n","timestamp":1780096144230}
[07:09:05.125] [PAI SDK] Received event: log {"content":"- 即将开始启动编译，请稍等~\n","timestamp":1780096145780}
[07:09:13.517] [Preview Server] Frontend connected, clients size = 1
[07:09:19.756] [PAI SDK] Received event: log {"content":"✅  编译成功 5/30/2026, 7:09:20 AM\n\n","timestamp":1780096160411}
[07:09:19.764] [PAI SDK] cloudServer.start response: {
  "status": "running",
  "msg": "Cloud Server started successfully.",
  "hash": "pai-preview-trae-951d7f3e"
}
[07:10:03.379] [Preview Server] Frontend disconnected, clients size = 1
[07:10:03.729] [Preview Server] Frontend connected, clients size = 1
[07:10:03.730] Sending cached status to new connection, lastStatusMessage = {"event":"status_change","message":{"url":"https://sd62opo6oqou1ckhsuo00.apigateway-cn-beijing.volceapi.com/?faasInstanceName=vefaas-f0vkicge-pyw70jixna-d8d1p302op1mmqg7cmv0-sandbox&hash=pai-preview-trae-951d7f3e","schema":"aipa://preview?type=pai&aipa_id=pai-preview-trae-951d7f3e&uuid=8fbb33f6-bce8-4df1-807d-68708fd6b4bb","status":"running","msg":"Cloud Server started successfully.","framework":"taro"}}
[07:10:47.912] File change detected. Updating...
[07:10:47.927] readProjectFiles, Found 31 files to read.
[07:10:47.952] Files read. Count: 31
[07:10:47.953] Calling pai.updateCloudDev...
[07:10:47.954] [PAI SDK] cloudServer.update called, appId: pai-preview-trae-951d7f3e
[07:10:47.999] [PAI SDK] Received event: reload {"url":"aipa://pai-preview-trae-951d7f3e.aipa-cloud.bytedance.net?type=pai","timestamp":1780096248655}
[07:10:48.000] [PAI SDK] CloudServer received reload event: {"url":"aipa://pai-preview-trae-951d7f3e.aipa-cloud.bytedance.net?type=pai","timestamp":1780096248655}
[07:10:48.000] [PAI SDK] reload, url = https://sd62opo6oqou1ckhsuo00.apigateway-cn-beijing.volceapi.com/?faasInstanceName=vefaas-f0vkicge-pyw70jixna-d8d1p302op1mmqg7cmv0-sandbox&hash=pai-preview-trae-951d7f3e
[07:10:48.001] [PAI SDK] cloudServer.update response: {
  "status": "running",
  "reload": false,
  "hash": "pai-preview-trae-951d7f3e"
}
[07:10:48.002] Update success (pai.updateCloudDev returned)
[07:10:48.051] [PAI SDK] Received event: log {"content":"<i> [webpack-dev-middleware] wait until bundle finished: /\n","timestamp":1780096248708}
[07:10:49.520] [PAI SDK] Received event: log {"content":"✅  编译成功 5/30/2026, 7:10:50 AM\n\n","timestamp":1780096250176}
[07:11:00.188] Received update request via HTTP
[07:11:02.191] File change detected. Updating...
[07:11:02.207] readProjectFiles, Found 31 files to read.
[07:11:02.234] Files read. Count: 31
[07:11:02.234] Calling pai.updateCloudDev...
[07:11:02.235] [PAI SDK] cloudServer.update called, appId: pai-preview-trae-951d7f3e
[07:11:02.274] [PAI SDK] Received event: reload {"url":"aipa://pai-preview-trae-951d7f3e.aipa-cloud.bytedance.net?type=pai","timestamp":1780096262930}
[07:11:02.275] [PAI SDK] CloudServer received reload event: {"url":"aipa://pai-preview-trae-951d7f3e.aipa-cloud.bytedance.net?type=pai","timestamp":1780096262930}
[07:11:02.276] [PAI SDK] reload, url = https://sd62opo6oqou1ckhsuo00.apigateway-cn-beijing.volceapi.com/?faasInstanceName=vefaas-f0vkicge-pyw70jixna-d8d1p302op1mmqg7cmv0-sandbox&hash=pai-preview-trae-951d7f3e
[07:11:02.276] [PAI SDK] cloudServer.update response: {
  "status": "running",
  "reload": false,
  "hash": "pai-preview-trae-951d7f3e"
}
[07:11:02.277] Update success (pai.updateCloudDev returned)
[07:11:02.320] [PAI SDK] Received event: log {"content":"<i> [webpack-dev-middleware] wait until bundle finished: /\n","timestamp":1780096262976}
[07:11:03.183] [PAI SDK] Received event: log {"content":"✅  编译成功 5/30/2026, 7:11:03 AM\n\n","timestamp":1780096263839}
[07:11:31.663] Received update request via HTTP
[07:11:33.667] File change detected. Updating...
[07:11:33.685] readProjectFiles, Found 31 files to read.
[07:11:33.714] Files read. Count: 31
[07:11:33.715] Calling pai.updateCloudDev...
[07:11:33.716] [PAI SDK] cloudServer.update called, appId: pai-preview-trae-951d7f3e
[07:11:33.754] [PAI SDK] Received event: reload {"url":"aipa://pai-preview-trae-951d7f3e.aipa-cloud.bytedance.net?type=pai","timestamp":1780096294410}
[07:11:33.755] [PAI SDK] CloudServer received reload event: {"url":"aipa://pai-preview-trae-951d7f3e.aipa-cloud.bytedance.net?type=pai","timestamp":1780096294410}
[07:11:33.755] [PAI SDK] reload, url = https://sd62opo6oqou1ckhsuo00.apigateway-cn-beijing.volceapi.com/?faasInstanceName=vefaas-f0vkicge-pyw70jixna-d8d1p302op1mmqg7cmv0-sandbox&hash=pai-preview-trae-951d7f3e
[07:11:33.757] [PAI SDK] cloudServer.update response: {
  "status": "running",
  "reload": false,
  "hash": "pai-preview-trae-951d7f3e"
}
[07:11:33.757] Update success (pai.updateCloudDev returned)
[07:11:33.812] [PAI SDK] Received event: log {"content":"<i> [webpack-dev-middleware] wait until bundle finished: /\n","timestamp":1780096294469}
[07:11:34.887] [PAI SDK] Received event: log {"content":"✅  编译成功 5/30/2026, 7:11:35 AM\n\n","timestamp":1780096295512}
[07:11:42.331] [Preview Server] Frontend disconnected, clients size = 1
[07:11:42.714] [Preview Server] Frontend connected, clients size = 1
[07:11:42.715] Sending cached status to new connection, lastStatusMessage = {"event":"status_change","message":{"url":"https://sd62opo6oqou1ckhsuo00.apigateway-cn-beijing.volceapi.com/?faasInstanceName=vefaas-f0vkicge-pyw70jixna-d8d1p302op1mmqg7cmv0-sandbox&hash=pai-preview-trae-951d7f3e","schema":"aipa://preview?type=pai&aipa_id=pai-preview-trae-951d7f3e&uuid=8fbb33f6-bce8-4df1-807d-68708fd6b4bb","status":"running","framework":"taro"}}
[07:46:28.541] [PAI SDK] WebSocket closed, reconnecting (1/3)...
[07:46:38.693] [Global WebSocket] Suppressed error to prevent crash: Unexpected server response: 404
[07:46:38.694] [PAI SDK] WebSocket closed, reconnecting (1/3)...
[07:46:48.775] [Global WebSocket] Suppressed error to prevent crash: Unexpected server response: 404
[07:46:48.775] [PAI SDK] WebSocket closed, reconnecting (1/3)...
[07:46:58.848] [Global WebSocket] Suppressed error to prevent crash: Unexpected server response: 404
[07:46:58.849] [PAI SDK] WebSocket closed, reconnecting (1/3)...
[07:47:08.905] [Global WebSocket] Suppressed error to prevent crash: Unexpected server response: 404
[07:47:08.906] [PAI SDK] WebSocket closed, reconnecting (1/3)...
[07:47:18.964] [Global WebSocket] Suppressed error to prevent crash: Unexpected server response: 404
[07:47:18.964] [PAI SDK] WebSocket closed, reconnecting (1/3)...
[07:47:29.022] [Global WebSocket] Suppressed error to prevent crash: Unexpected server response: 404
[07:47:29.022] [PAI SDK] WebSocket closed, reconnecting (1/3)...
[07:47:39.082] [Global WebSocket] Suppressed error to prevent crash: Unexpected server response: 404
[07:47:39.083] [PAI SDK] WebSocket closed, reconnecting (1/3)...
[07:47:49.152] [Global WebSocket] Suppressed error to prevent crash: Unexpected server response: 404
[07:47:49.152] [PAI SDK] WebSocket closed, reconnecting (1/3)...
[07:47:59.225] [Global WebSocket] Suppressed error to prevent crash: Unexpected server response: 404
[07:47:59.225] [PAI SDK] WebSocket closed, reconnecting (1/3)...
[07:48:09.291] [Global WebSocket] Suppressed error to prevent crash: Unexpected server response: 404
[07:48:09.291] [PAI SDK] WebSocket closed, reconnecting (1/3)...
[07:48:19.362] [Global WebSocket] Suppressed error to prevent crash: Unexpected server response: 404
[07:48:19.362] [PAI SDK] WebSocket closed, reconnecting (1/3)...
[07:48:29.439] [Global WebSocket] Suppressed error to prevent crash: Unexpected server response: 404
[07:48:29.439] [PAI SDK] WebSocket closed, reconnecting (1/3)...
[07:48:39.492] [Global WebSocket] Suppressed error to prevent crash: Unexpected server response: 404
[07:48:39.492] [PAI SDK] WebSocket closed, reconnecting (1/3)...
[07:48:49.561] [Global WebSocket] Suppressed error to prevent crash: Unexpected server response: 404
[07:48:49.561] [PAI SDK] WebSocket closed, reconnecting (1/3)...
[07:48:59.649] [Global WebSocket] Suppressed error to prevent crash: Unexpected server response: 404
[07:48:59.650] [PAI SDK] WebSocket closed, reconnecting (1/3)...
[07:49:09.712] [Global WebSocket] Suppressed error to prevent crash: Unexpected server response: 404
[07:49:09.712] [PAI SDK] WebSocket closed, reconnecting (1/3)...
[07:49:19.776] [Global WebSocket] Suppressed error to prevent crash: Unexpected server response: 404
[07:49:19.776] [PAI SDK] WebSocket closed, reconnecting (1/3)...
[07:49:29.845] [Global WebSocket] Suppressed error to prevent crash: Unexpected server response: 404
[07:49:29.845] [PAI SDK] WebSocket closed, reconnecting (1/3)...
[07:49:39.908] [Global WebSocket] Suppressed error to prevent crash: Unexpected server response: 404
[07:49:39.908] [PAI SDK] WebSocket closed, reconnecting (1/3)...
[07:49:49.972] [Global WebSocket] Suppressed error to prevent crash: Unexpected server response: 404
[07:49:49.972] [PAI SDK] WebSocket closed, reconnecting (1/3)...
[07:50:00.046] [Global WebSocket] Suppressed error to prevent crash: Unexpected server response: 404
[07:50:00.046] [PAI SDK] WebSocket closed, reconnecting (1/3)...
[07:50:10.111] [Global WebSocket] Suppressed error to prevent crash: Unexpected server response: 404
[07:50:10.111] [PAI SDK] WebSocket closed, reconnecting (1/3)...
[07:50:20.208] [Global WebSocket] Suppressed error to prevent crash: Unexpected server response: 404
[07:50:20.209] [PAI SDK] WebSocket closed, reconnecting (1/3)...
[07:50:30.275] [Global WebSocket] Suppressed error to prevent crash: Unexpected server response: 404
[07:50:30.275] [PAI SDK] WebSocket closed, reconnecting (1/3)...
[07:50:40.351] [Global WebSocket] Suppressed error to prevent crash: Unexpected server response: 404
[07:50:40.351] [PAI SDK] WebSocket closed, reconnecting (1/3)...
[07:50:50.426] [Global WebSocket] Suppressed error to prevent crash: Unexpected server response: 404
[07:50:50.427] [PAI SDK] WebSocket closed, reconnecting (1/3)...
[07:51:00.501] [Global WebSocket] Suppressed error to prevent crash: Unexpected server response: 404
[07:51:00.502] [PAI SDK] WebSocket closed, reconnecting (1/3)...
[07:51:10.567] [Global WebSocket] Suppressed error to prevent crash: Unexpected server response: 404
[07:51:10.567] [PAI SDK] WebSocket closed, reconnecting (1/3)...
[07:51:20.661] [Global WebSocket] Suppressed error to prevent crash: Unexpected server response: 404
[07:51:20.662] [PAI SDK] WebSocket closed, reconnecting (1/3)...
[07:51:30.721] [Global WebSocket] Suppressed error to prevent crash: Unexpected server response: 404
[07:51:30.722] [PAI SDK] WebSocket closed, reconnecting (1/3)...
[07:51:40.784] [Global WebSocket] Suppressed error to prevent crash: Unexpected server response: 404
[07:51:40.785] [PAI SDK] WebSocket closed, reconnecting (1/3)...
[07:51:50.860] [Global WebSocket] Suppressed error to prevent crash: Unexpected server response: 404
[07:51:50.860] [PAI SDK] WebSocket closed, reconnecting (1/3)...
[07:52:00.927] [Global WebSocket] Suppressed error to prevent crash: Unexpected server response: 404
[07:52:00.927] [PAI SDK] WebSocket closed, reconnecting (1/3)...
[07:52:11.009] [Global WebSocket] Suppressed error to prevent crash: Unexpected server response: 404
[07:52:11.010] [PAI SDK] WebSocket closed, reconnecting (1/3)...
[07:52:21.112] [Global WebSocket] Suppressed error to prevent crash: Unexpected server response: 404
[07:52:21.112] [PAI SDK] WebSocket closed, reconnecting (1/3)...
[07:52:31.198] [Global WebSocket] Suppressed error to prevent crash: Unexpected server response: 404
[07:52:31.199] [PAI SDK] WebSocket closed, reconnecting (1/3)...
[07:52:41.260] [Global WebSocket] Suppressed error to prevent crash: Unexpected server response: 404
[07:52:41.260] [PAI SDK] WebSocket closed, reconnecting (1/3)...
[07:52:51.361] [Global WebSocket] Suppressed error to prevent crash: Unexpected server response: 404
[07:52:51.361] [PAI SDK] WebSocket closed, reconnecting (1/3)...
[07:53:01.423] [Global WebSocket] Suppressed error to prevent crash: Unexpected server response: 404
[07:53:01.424] [PAI SDK] WebSocket closed, reconnecting (1/3)...
[07:53:11.505] [Global WebSocket] Suppressed error to prevent crash: Unexpected server response: 404
[07:53:11.505] [PAI SDK] WebSocket closed, reconnecting (1/3)...
[07:53:21.594] [Global WebSocket] Suppressed error to prevent crash: Unexpected server response: 404
[07:53:21.594] [PAI SDK] WebSocket closed, reconnecting (1/3)...
[07:53:31.655] [Global WebSocket] Suppressed error to prevent crash: Unexpected server response: 404
[07:53:31.655] [PAI SDK] WebSocket closed, reconnecting (1/3)...
[07:53:41.736] [Global WebSocket] Suppressed error to prevent crash: Unexpected server response: 404
[07:53:41.737] [PAI SDK] WebSocket closed, reconnecting (1/3)...
[07:53:51.841] [Global WebSocket] Suppressed error to prevent crash: Unexpected server response: 404
[07:53:51.841] [PAI SDK] WebSocket closed, reconnecting (1/3)...
[07:54:01.921] [Global WebSocket] Suppressed error to prevent crash: Unexpected server response: 404
[07:54:01.921] [PAI SDK] WebSocket closed, reconnecting (1/3)...
[07:54:11.983] [Global WebSocket] Suppressed error to prevent crash: Unexpected server response: 404
[07:54:11.984] [PAI SDK] WebSocket closed, reconnecting (1/3)...
[07:54:22.047] [Global WebSocket] Suppressed error to prevent crash: Unexpected server response: 404
[07:54:22.047] [PAI SDK] WebSocket closed, reconnecting (1/3)...
[07:54:32.124] [Global WebSocket] Suppressed error to prevent crash: Unexpected server response: 404
[07:54:32.124] [PAI SDK] WebSocket closed, reconnecting (1/3)...
[07:54:42.187] [Global WebSocket] Suppressed error to prevent crash: Unexpected server response: 404
[07:54:42.188] [PAI SDK] WebSocket closed, reconnecting (1/3)...
[07:54:52.251] [Global WebSocket] Suppressed error to prevent crash: Unexpected server response: 404
[07:54:52.251] [PAI SDK] WebSocket closed, reconnecting (1/3)...
[07:55:02.338] [Global WebSocket] Suppressed error to prevent crash: Unexpected server response: 404
[07:55:02.339] [PAI SDK] WebSocket closed, reconnecting (1/3)...
[07:55:12.407] [Global WebSocket] Suppressed error to prevent crash: Unexpected server response: 404
[07:55:12.407] [PAI SDK] WebSocket closed, reconnecting (1/3)...
[07:55:22.480] [Global WebSocket] Suppressed error to prevent crash: Unexpected server response: 404
[07:55:22.480] [PAI SDK] WebSocket closed, reconnecting (1/3)...
[07:55:32.556] [Global WebSocket] Suppressed error to prevent crash: Unexpected server response: 404
[07:55:32.556] [PAI SDK] WebSocket closed, reconnecting (1/3)...
[07:55:42.617] [Global WebSocket] Suppressed error to prevent crash: Unexpected server response: 404
[07:55:42.617] [PAI SDK] WebSocket closed, reconnecting (1/3)...
[07:55:52.743] [Global WebSocket] Suppressed error to prevent crash: Unexpected server response: 404
[07:55:52.743] [PAI SDK] WebSocket closed, reconnecting (1/3)...
[07:56:02.819] [Global WebSocket] Suppressed error to prevent crash: Unexpected server response: 404
[07:56:02.819] [PAI SDK] WebSocket closed, reconnecting (1/3)...
[07:56:13.790] [Preview Server] Frontend disconnected, clients size = 1
[07:56:27.914] [Global WebSocket] Suppressed error to prevent crash: Unexpected server response: 404
[07:56:27.915] [PAI SDK] WebSocket closed, reconnecting (1/3)...
[07:56:38.005] [Global WebSocket] Suppressed error to prevent crash: Unexpected server response: 404
[07:56:38.006] [PAI SDK] WebSocket closed, reconnecting (1/3)...
[07:56:48.104] [Global WebSocket] Suppressed error to prevent crash: Unexpected server response: 404
[07:56:48.105] [PAI SDK] WebSocket closed, reconnecting (1/3)...
[07:56:58.181] [Global WebSocket] Suppressed error to prevent crash: Unexpected server response: 404
[07:56:58.181] [PAI SDK] WebSocket closed, reconnecting (1/3)...
[07:57:08.301] [Global WebSocket] Suppressed error to prevent crash: Unexpected server response: 404
[07:57:08.301] [PAI SDK] WebSocket closed, reconnecting (1/3)...
[07:57:18.378] [Global WebSocket] Suppressed error to prevent crash: Unexpected server response: 404
[07:57:18.378] [PAI SDK] WebSocket closed, reconnecting (1/3)...
[07:57:28.512] [Global WebSocket] Suppressed error to prevent crash: Unexpected server response: 404
[07:57:28.512] [PAI SDK] WebSocket closed, reconnecting (1/3)...
[07:57:38.623] [Global WebSocket] Suppressed error to prevent crash: Unexpected server response: 404
[07:57:38.624] [PAI SDK] WebSocket closed, reconnecting (1/3)...
[07:57:48.679] [Global WebSocket] Suppressed error to prevent crash: Unexpected server response: 404
[07:57:48.679] [PAI SDK] WebSocket closed, reconnecting (1/3)...
[07:57:58.761] [Global WebSocket] Suppressed error to prevent crash: Unexpected server response: 404
[07:57:58.762] [PAI SDK] WebSocket closed, reconnecting (1/3)...
[07:58:08.824] [Global WebSocket] Suppressed error to prevent crash: Unexpected server response: 404
[07:58:08.824] [PAI SDK] WebSocket closed, reconnecting (1/3)...
[07:58:19.047] [Global WebSocket] Suppressed error to prevent crash: Unexpected server response: 404
[07:58:19.047] [PAI SDK] WebSocket closed, reconnecting (1/3)...
[07:58:29.113] [Global WebSocket] Suppressed error to prevent crash: Unexpected server response: 404
[07:58:29.114] [PAI SDK] WebSocket closed, reconnecting (1/3)...
[07:58:39.182] [Global WebSocket] Suppressed error to prevent crash: Unexpected server response: 404
[07:58:39.183] [PAI SDK] WebSocket closed, reconnecting (1/3)...
[07:58:49.253] [Global WebSocket] Suppressed error to prevent crash: Unexpected server response: 404
[07:58:49.253] [PAI SDK] WebSocket closed, reconnecting (1/3)...
[07:58:59.316] [Global WebSocket] Suppressed error to prevent crash: Unexpected server response: 404
[07:58:59.316] [PAI SDK] WebSocket closed, reconnecting (1/3)...
[07:59:09.384] [Global WebSocket] Suppressed error to prevent crash: Unexpected server response: 404
[07:59:09.384] [PAI SDK] WebSocket closed, reconnecting (1/3)...
[07:59:19.450] [Global WebSocket] Suppressed error to prevent crash: Unexpected server response: 404
[07:59:19.450] [PAI SDK] WebSocket closed, reconnecting (1/3)...
[07:59:29.512] [Global WebSocket] Suppressed error to prevent crash: Unexpected server response: 404
[07:59:29.513] [PAI SDK] WebSocket closed, reconnecting (1/3)...
[07:59:39.665] [Global WebSocket] Suppressed error to prevent crash: Unexpected server response: 404
[07:59:39.666] [PAI SDK] WebSocket closed, reconnecting (1/3)...
[07:59:49.729] [Global WebSocket] Suppressed error to prevent crash: Unexpected server response: 404
[07:59:49.729] [PAI SDK] WebSocket closed, reconnecting (1/3)...
[07:59:59.799] [Global WebSocket] Suppressed error to prevent crash: Unexpected server response: 404
[07:59:59.800] [PAI SDK] WebSocket closed, reconnecting (1/3)...
[08:00:09.863] [Global WebSocket] Suppressed error to prevent crash: Unexpected server response: 404
[08:00:09.864] [PAI SDK] WebSocket closed, reconnecting (1/3)...
[08:00:19.937] [Global WebSocket] Suppressed error to prevent crash: Unexpected server response: 404
[08:00:19.938] [PAI SDK] WebSocket closed, reconnecting (1/3)...
[08:00:30.007] [Global WebSocket] Suppressed error to prevent crash: Unexpected server response: 404
[08:00:30.008] [PAI SDK] WebSocket closed, reconnecting (1/3)...
[08:00:40.077] [Global WebSocket] Suppressed error to prevent crash: Unexpected server response: 404
[08:00:40.077] [PAI SDK] WebSocket closed, reconnecting (1/3)...
[08:00:50.160] [Global WebSocket] Suppressed error to prevent crash: Unexpected server response: 404
[08:00:50.161] [PAI SDK] WebSocket closed, reconnecting (1/3)...
[08:01:00.225] [Global WebSocket] Suppressed error to prevent crash: Unexpected server response: 404
[08:01:00.225] [PAI SDK] WebSocket closed, reconnecting (1/3)...
[08:01:10.303] [Global WebSocket] Suppressed error to prevent crash: Unexpected server response: 404
[08:01:10.304] [PAI SDK] WebSocket closed, reconnecting (1/3)...
[08:01:20.375] [Global WebSocket] Suppressed error to prevent crash: Unexpected server response: 404
[08:01:20.376] [PAI SDK] WebSocket closed, reconnecting (1/3)...
[08:01:30.459] [Global WebSocket] Suppressed error to prevent crash: Unexpected server response: 404
[08:01:30.459] [PAI SDK] WebSocket closed, reconnecting (1/3)...
[08:01:40.518] [Global WebSocket] Suppressed error to prevent crash: Unexpected server response: 404
[08:01:40.518] [PAI SDK] WebSocket closed, reconnecting (1/3)...
[08:01:50.653] [Global WebSocket] Suppressed error to prevent crash: Unexpected server response: 404
[08:01:50.654] [PAI SDK] WebSocket closed, reconnecting (1/3)...
[08:02:00.817] [Global WebSocket] Suppressed error to prevent crash: Unexpected server response: 404
[08:02:00.817] [PAI SDK] WebSocket closed, reconnecting (1/3)...
[08:02:10.890] [Global WebSocket] Suppressed error to prevent crash: Unexpected server response: 404
[08:02:10.890] [PAI SDK] WebSocket closed, reconnecting (1/3)...
[08:02:20.961] [Global WebSocket] Suppressed error to prevent crash: Unexpected server response: 404
[08:02:20.961] [PAI SDK] WebSocket closed, reconnecting (1/3)...
[08:02:31.026] [Global WebSocket] Suppressed error to prevent crash: Unexpected server response: 404
[08:02:31.026] [PAI SDK] WebSocket closed, reconnecting (1/3)...
[08:02:41.089] [Global WebSocket] Suppressed error to prevent crash: Unexpected server response: 404
[08:02:41.089] [PAI SDK] WebSocket closed, reconnecting (1/3)...
[08:02:51.193] [Global WebSocket] Suppressed error to prevent crash: Unexpected server response: 404
[08:02:51.194] [PAI SDK] WebSocket closed, reconnecting (1/3)...
[08:03:01.266] [Global WebSocket] Suppressed error to prevent crash: Unexpected server response: 404
[08:03:01.266] [PAI SDK] WebSocket closed, reconnecting (1/3)...
[08:03:11.320] [Global WebSocket] Suppressed error to prevent crash: Unexpected server response: 404
[08:03:11.320] [PAI SDK] WebSocket closed, reconnecting (1/3)...
[08:03:21.375] [Global WebSocket] Suppressed error to prevent crash: Unexpected server response: 404
[08:03:21.375] [PAI SDK] WebSocket closed, reconnecting (1/3)...
[08:03:31.447] [Global WebSocket] Suppressed error to prevent crash: Unexpected server response: 404
[08:03:31.458] [PAI SDK] WebSocket closed, reconnecting (1/3)...
[08:03:41.522] [Global WebSocket] Suppressed error to prevent crash: Unexpected server response: 404
[08:03:41.522] [PAI SDK] WebSocket closed, reconnecting (1/3)...
[08:03:51.587] [Global WebSocket] Suppressed error to prevent crash: Unexpected server response: 404
[08:03:51.587] [PAI SDK] WebSocket closed, reconnecting (1/3)...
[08:04:01.650] [Global WebSocket] Suppressed error to prevent crash: Unexpected server response: 404
[08:04:01.650] [PAI SDK] WebSocket closed, reconnecting (1/3)...
[08:04:11.716] [Global WebSocket] Suppressed error to prevent crash: Unexpected server response: 404
[08:04:11.717] [PAI SDK] WebSocket closed, reconnecting (1/3)...
[08:04:21.798] [Global WebSocket] Suppressed error to prevent crash: Unexpected server response: 404
[08:04:21.798] [PAI SDK] WebSocket closed, reconnecting (1/3)...
[08:04:31.868] [Global WebSocket] Suppressed error to prevent crash: Unexpected server response: 404
[08:04:31.869] [PAI SDK] WebSocket closed, reconnecting (1/3)...
[08:04:41.938] [Global WebSocket] Suppressed error to prevent crash: Unexpected server response: 404
[08:04:41.938] [PAI SDK] WebSocket closed, reconnecting (1/3)...
[08:04:52.030] [Global WebSocket] Suppressed error to prevent crash: Unexpected server response: 404
[08:04:52.031] [PAI SDK] WebSocket closed, reconnecting (1/3)...
[08:05:02.116] [Global WebSocket] Suppressed error to prevent crash: Unexpected server response: 404
[08:05:02.117] [PAI SDK] WebSocket closed, reconnecting (1/3)...
[08:05:12.183] [Global WebSocket] Suppressed error to prevent crash: Unexpected server response: 404
[08:05:12.184] [PAI SDK] WebSocket closed, reconnecting (1/3)...
[08:05:22.250] [Global WebSocket] Suppressed error to prevent crash: Unexpected server response: 404
[08:05:22.250] [PAI SDK] WebSocket closed, reconnecting (1/3)...
[08:05:32.314] [Global WebSocket] Suppressed error to prevent crash: Unexpected server response: 404
[08:05:32.315] [PAI SDK] WebSocket closed, reconnecting (1/3)...
[08:05:42.397] [Global WebSocket] Suppressed error to prevent crash: Unexpected server response: 404
[08:05:42.397] [PAI SDK] WebSocket closed, reconnecting (1/3)...
[08:05:52.469] [Global WebSocket] Suppressed error to prevent crash: Unexpected server response: 404
[08:05:52.469] [PAI SDK] WebSocket closed, reconnecting (1/3)...
[08:06:02.574] [Global WebSocket] Suppressed error to prevent crash: Unexpected server response: 404
[08:06:02.574] [PAI SDK] WebSocket closed, reconnecting (1/3)...
[08:06:12.669] [Global WebSocket] Suppressed error to prevent crash: Unexpected server response: 404
[08:06:12.670] [PAI SDK] WebSocket closed, reconnecting (1/3)...
[08:06:22.748] [Global WebSocket] Suppressed error to prevent crash: Unexpected server response: 404
[08:06:22.749] [PAI SDK] WebSocket closed, reconnecting (1/3)...
[08:06:32.812] [Global WebSocket] Suppressed error to prevent crash: Unexpected server response: 404
[08:06:32.812] [PAI SDK] WebSocket closed, reconnecting (1/3)...
[08:06:42.886] [Global WebSocket] Suppressed error to prevent crash: Unexpected server response: 404
[08:06:42.886] [PAI SDK] WebSocket closed, reconnecting (1/3)...
[08:06:52.980] [Global WebSocket] Suppressed error to prevent crash: Unexpected server response: 404
[08:06:52.981] [PAI SDK] WebSocket closed, reconnecting (1/3)...
[08:07:03.040] [Global WebSocket] Suppressed error to prevent crash: Unexpected server response: 404
[08:07:03.040] [PAI SDK] WebSocket closed, reconnecting (1/3)...
[08:07:13.117] [Global WebSocket] Suppressed error to prevent crash: Unexpected server response: 404
[08:07:13.117] [PAI SDK] WebSocket closed, reconnecting (1/3)...
[08:07:23.180] [Global WebSocket] Suppressed error to prevent crash: Unexpected server response: 404
[08:07:23.180] [PAI SDK] WebSocket closed, reconnecting (1/3)...
[08:07:33.239] [Global WebSocket] Suppressed error to prevent crash: Unexpected server response: 404
[08:07:33.240] [PAI SDK] WebSocket closed, reconnecting (1/3)...
[08:07:43.325] [Global WebSocket] Suppressed error to prevent crash: Unexpected server response: 404
[08:07:43.325] [PAI SDK] WebSocket closed, reconnecting (1/3)...
[08:07:53.409] [Global WebSocket] Suppressed error to prevent crash: Unexpected server response: 404
[08:07:53.409] [PAI SDK] WebSocket closed, reconnecting (1/3)...
[08:08:03.469] [Global WebSocket] Suppressed error to prevent crash: Unexpected server response: 404
[08:08:03.469] [PAI SDK] WebSocket closed, reconnecting (1/3)...
[08:08:13.561] [Global WebSocket] Suppressed error to prevent crash: Unexpected server response: 404
[08:08:13.561] [PAI SDK] WebSocket closed, reconnecting (1/3)...
[08:08:23.643] [Global WebSocket] Suppressed error to prevent crash: Unexpected server response: 404
[08:08:23.644] [PAI SDK] WebSocket closed, reconnecting (1/3)...
[08:08:33.741] [Global WebSocket] Suppressed error to prevent crash: Unexpected server response: 404
[08:08:33.741] [PAI SDK] WebSocket closed, reconnecting (1/3)...
[08:08:43.808] [Global WebSocket] Suppressed error to prevent crash: Unexpected server response: 404
[08:08:43.809] [PAI SDK] WebSocket closed, reconnecting (1/3)...
[08:08:53.873] [Global WebSocket] Suppressed error to prevent crash: Unexpected server response: 404
[08:08:53.873] [PAI SDK] WebSocket closed, reconnecting (1/3)...
[08:09:03.947] [Global WebSocket] Suppressed error to prevent crash: Unexpected server response: 404
[08:09:03.948] [PAI SDK] WebSocket closed, reconnecting (1/3)...
[08:09:14.011] [Global WebSocket] Suppressed error to prevent crash: Unexpected server response: 404
[08:09:14.011] [PAI SDK] WebSocket closed, reconnecting (1/3)...
[08:09:24.088] [Global WebSocket] Suppressed error to prevent crash: Unexpected server response: 404
[08:09:24.088] [PAI SDK] WebSocket closed, reconnecting (1/3)...
[08:09:34.182] [Global WebSocket] Suppressed error to prevent crash: Unexpected server response: 404
[08:09:34.183] [PAI SDK] WebSocket closed, reconnecting (1/3)...
[08:09:44.250] [Global WebSocket] Suppressed error to prevent crash: Unexpected server response: 404
[08:09:44.251] [PAI SDK] WebSocket closed, reconnecting (1/3)...
[08:09:54.327] [Global WebSocket] Suppressed error to prevent crash: Unexpected server response: 404
[08:09:54.327] [PAI SDK] WebSocket closed, reconnecting (1/3)...
[08:10:04.411] [Global WebSocket] Suppressed error to prevent crash: Unexpected server response: 404
[08:10:04.412] [PAI SDK] WebSocket closed, reconnecting (1/3)...
[08:10:14.493] [Global WebSocket] Suppressed error to prevent crash: Unexpected server response: 404
[08:10:14.494] [PAI SDK] WebSocket closed, reconnecting (1/3)...
[08:10:24.558] [Global WebSocket] Suppressed error to prevent crash: Unexpected server response: 404
[08:10:24.558] [PAI SDK] WebSocket closed, reconnecting (1/3)...
[08:10:34.631] [Global WebSocket] Suppressed error to prevent crash: Unexpected server response: 404
[08:10:34.632] [PAI SDK] WebSocket closed, reconnecting (1/3)...
[08:10:44.695] [Global WebSocket] Suppressed error to prevent crash: Unexpected server response: 404
[08:10:44.695] [PAI SDK] WebSocket closed, reconnecting (1/3)...
[08:10:54.761] [Global WebSocket] Suppressed error to prevent crash: Unexpected server response: 404
[08:10:54.761] [PAI SDK] WebSocket closed, reconnecting (1/3)...
[08:11:04.844] [Global WebSocket] Suppressed error to prevent crash: Unexpected server response: 404
[08:11:04.845] [PAI SDK] WebSocket closed, reconnecting (1/3)...
[08:11:14.908] [Global WebSocket] Suppressed error to prevent crash: Unexpected server response: 404
[08:11:14.909] [PAI SDK] WebSocket closed, reconnecting (1/3)...
[08:11:24.973] [Global WebSocket] Suppressed error to prevent crash: Unexpected server response: 404
[08:11:24.973] [PAI SDK] WebSocket closed, reconnecting (1/3)...
[08:11:35.044] [Global WebSocket] Suppressed error to prevent crash: Unexpected server response: 404
[08:11:35.044] [PAI SDK] WebSocket closed, reconnecting (1/3)...
[08:11:45.123] [Global WebSocket] Suppressed error to prevent crash: Unexpected server response: 404
[08:11:45.124] [PAI SDK] WebSocket closed, reconnecting (1/3)...
[08:11:55.209] [Global WebSocket] Suppressed error to prevent crash: Unexpected server response: 404
[08:11:55.210] [PAI SDK] WebSocket closed, reconnecting (1/3)...
[08:12:05.295] [Global WebSocket] Suppressed error to prevent crash: Unexpected server response: 404
[08:12:05.295] [PAI SDK] WebSocket closed, reconnecting (1/3)...
[08:12:15.380] [Global WebSocket] Suppressed error to prevent crash: Unexpected server response: 404
[08:12:15.380] [PAI SDK] WebSocket closed, reconnecting (1/3)...
[08:12:25.431] [Global WebSocket] Suppressed error to prevent crash: Unexpected server response: 404
[08:12:25.432] [PAI SDK] WebSocket closed, reconnecting (1/3)...
[08:12:35.488] [Global WebSocket] Suppressed error to prevent crash: Unexpected server response: 404
[08:12:35.488] [PAI SDK] WebSocket closed, reconnecting (1/3)...
[08:12:45.570] [Global WebSocket] Suppressed error to prevent crash: Unexpected server response: 404
[08:12:45.571] [PAI SDK] WebSocket closed, reconnecting (1/3)...
[08:12:55.640] [Global WebSocket] Suppressed error to prevent crash: Unexpected server response: 404
[08:12:55.640] [PAI SDK] WebSocket closed, reconnecting (1/3)...
[08:13:05.725] [Global WebSocket] Suppressed error to prevent crash: Unexpected server response: 404
[08:13:05.725] [PAI SDK] WebSocket closed, reconnecting (1/3)...
[08:13:15.785] [Global WebSocket] Suppressed error to prevent crash: Unexpected server response: 404
[08:13:15.785] [PAI SDK] WebSocket closed, reconnecting (1/3)...
[08:13:25.871] [Global WebSocket] Suppressed error to prevent crash: Unexpected server response: 404
[08:13:25.871] [PAI SDK] WebSocket closed, reconnecting (1/3)...
[08:13:35.930] [Global WebSocket] Suppressed error to prevent crash: Unexpected server response: 404
[08:13:35.931] [PAI SDK] WebSocket closed, reconnecting (1/3)...
[08:13:46.021] [Global WebSocket] Suppressed error to prevent crash: Unexpected server response: 404
[08:13:46.021] [PAI SDK] WebSocket closed, reconnecting (1/3)...
[08:13:56.101] [Global WebSocket] Suppressed error to prevent crash: Unexpected server response: 404
[08:13:56.101] [PAI SDK] WebSocket closed, reconnecting (1/3)...
[08:14:06.169] [Global WebSocket] Suppressed error to prevent crash: Unexpected server response: 404
[08:14:06.169] [PAI SDK] WebSocket closed, reconnecting (1/3)...
[08:14:16.258] [Global WebSocket] Suppressed error to prevent crash: Unexpected server response: 404
[08:14:16.258] [PAI SDK] WebSocket closed, reconnecting (1/3)...
[08:14:26.324] [Global WebSocket] Suppressed error to prevent crash: Unexpected server response: 404
[08:14:26.324] [PAI SDK] WebSocket closed, reconnecting (1/3)...
[08:14:36.389] [Global WebSocket] Suppressed error to prevent crash: Unexpected server response: 404
[08:14:36.389] [PAI SDK] WebSocket closed, reconnecting (1/3)...
[08:14:46.461] [Global WebSocket] Suppressed error to prevent crash: Unexpected server response: 404
[08:14:46.462] [PAI SDK] WebSocket closed, reconnecting (1/3)...
[08:14:56.512] [Global WebSocket] Suppressed error to prevent crash: Unexpected server response: 404
[08:14:56.512] [PAI SDK] WebSocket closed, reconnecting (1/3)...
[08:15:06.581] [Global WebSocket] Suppressed error to prevent crash: Unexpected server response: 404
[08:15:06.581] [PAI SDK] WebSocket closed, reconnecting (1/3)...
[08:15:16.661] [Global WebSocket] Suppressed error to prevent crash: Unexpected server response: 404
[08:15:16.662] [PAI SDK] WebSocket closed, reconnecting (1/3)...
[08:15:26.721] [Global WebSocket] Suppressed error to prevent crash: Unexpected server response: 404
[08:15:26.722] [PAI SDK] WebSocket closed, reconnecting (1/3)...
[08:15:36.779] [Global WebSocket] Suppressed error to prevent crash: Unexpected server response: 404
[08:15:36.779] [PAI SDK] WebSocket closed, reconnecting (1/3)...
[08:15:46.846] [Global WebSocket] Suppressed error to prevent crash: Unexpected server response: 404
[08:15:46.846] [PAI SDK] WebSocket closed, reconnecting (1/3)...
[08:15:56.935] [Global WebSocket] Suppressed error to prevent crash: Unexpected server response: 404
[08:15:56.936] [PAI SDK] WebSocket closed, reconnecting (1/3)...
[08:16:07.032] [Global WebSocket] Suppressed error to prevent crash: Unexpected server response: 404
[08:16:07.032] [PAI SDK] WebSocket closed, reconnecting (1/3)...
[08:16:17.101] [Global WebSocket] Suppressed error to prevent crash: Unexpected server response: 404
[08:16:17.102] [PAI SDK] WebSocket closed, reconnecting (1/3)...
[08:16:27.178] [Global WebSocket] Suppressed error to prevent crash: Unexpected server response: 404
[08:16:27.178] [PAI SDK] WebSocket closed, reconnecting (1/3)...
[08:16:37.244] [Global WebSocket] Suppressed error to prevent crash: Unexpected server response: 404
[08:16:37.244] [PAI SDK] WebSocket closed, reconnecting (1/3)...
[08:16:47.310] [Global WebSocket] Suppressed error to prevent crash: Unexpected server response: 404
[08:16:47.310] [PAI SDK] WebSocket closed, reconnecting (1/3)...
[08:16:57.381] [Global WebSocket] Suppressed error to prevent crash: Unexpected server response: 404
[08:16:57.381] [PAI SDK] WebSocket closed, reconnecting (1/3)...
[08:17:07.450] [Global WebSocket] Suppressed error to prevent crash: Unexpected server response: 404
[08:17:07.451] [PAI SDK] WebSocket closed, reconnecting (1/3)...
[08:17:17.514] [Global WebSocket] Suppressed error to prevent crash: Unexpected server response: 404
[08:17:17.514] [PAI SDK] WebSocket closed, reconnecting (1/3)...
[08:17:27.624] [Global WebSocket] Suppressed error to prevent crash: Unexpected server response: 404
[08:17:27.624] [PAI SDK] WebSocket closed, reconnecting (1/3)...
[08:17:37.702] [Global WebSocket] Suppressed error to prevent crash: Unexpected server response: 404
[08:17:37.702] [PAI SDK] WebSocket closed, reconnecting (1/3)...
[08:17:47.779] [Global WebSocket] Suppressed error to prevent crash: Unexpected server response: 404
[08:17:47.779] [PAI SDK] WebSocket closed, reconnecting (1/3)...
[08:17:57.852] [Global WebSocket] Suppressed error to prevent crash: Unexpected server response: 404
[08:17:57.852] [PAI SDK] WebSocket closed, reconnecting (1/3)...
[08:18:07.927] [Global WebSocket] Suppressed error to prevent crash: Unexpected server response: 404
[08:18:07.928] [PAI SDK] WebSocket closed, reconnecting (1/3)...
[08:18:17.987] [Global WebSocket] Suppressed error to prevent crash: Unexpected server response: 404
[08:18:17.988] [PAI SDK] WebSocket closed, reconnecting (1/3)...
[08:18:28.064] [Global WebSocket] Suppressed error to prevent crash: Unexpected server response: 404
[08:18:28.064] [PAI SDK] WebSocket closed, reconnecting (1/3)...
[08:18:38.136] [Global WebSocket] Suppressed error to prevent crash: Unexpected server response: 404
[08:18:38.136] [PAI SDK] WebSocket closed, reconnecting (1/3)...
[08:18:48.197] [Global WebSocket] Suppressed error to prevent crash: Unexpected server response: 404
[08:18:48.197] [PAI SDK] WebSocket closed, reconnecting (1/3)...
[08:18:58.267] [Global WebSocket] Suppressed error to prevent crash: Unexpected server response: 404
[08:18:58.267] [PAI SDK] WebSocket closed, reconnecting (1/3)...
[08:19:08.319] [Global WebSocket] Suppressed error to prevent crash: Unexpected server response: 404
[08:19:08.320] [PAI SDK] WebSocket closed, reconnecting (1/3)...
[08:19:18.400] [Global WebSocket] Suppressed error to prevent crash: Unexpected server response: 404
[08:19:18.401] [PAI SDK] WebSocket closed, reconnecting (1/3)...
[08:19:28.465] [Global WebSocket] Suppressed error to prevent crash: Unexpected server response: 404
[08:19:28.465] [PAI SDK] WebSocket closed, reconnecting (1/3)...
[08:19:38.515] [Global WebSocket] Suppressed error to prevent crash: Unexpected server response: 404
[08:19:38.515] [PAI SDK] WebSocket closed, reconnecting (1/3)...
[08:19:48.661] [Global WebSocket] Suppressed error to prevent crash: Unexpected server response: 404
[08:19:48.662] [PAI SDK] WebSocket closed, reconnecting (1/3)...
[08:19:58.738] [Global WebSocket] Suppressed error to prevent crash: Unexpected server response: 404
[08:19:58.739] [PAI SDK] WebSocket closed, reconnecting (1/3)...
[08:20:08.802] [Global WebSocket] Suppressed error to prevent crash: Unexpected server response: 404
[08:20:08.802] [PAI SDK] WebSocket closed, reconnecting (1/3)...
[08:20:18.864] [Global WebSocket] Suppressed error to prevent crash: Unexpected server response: 404
[08:20:18.864] [PAI SDK] WebSocket closed, reconnecting (1/3)...
[08:20:28.963] [Global WebSocket] Suppressed error to prevent crash: Unexpected server response: 404
[08:20:28.963] [PAI SDK] WebSocket closed, reconnecting (1/3)...
[08:20:39.018] [Global WebSocket] Suppressed error to prevent crash: Unexpected server response: 404
[08:20:39.019] [PAI SDK] WebSocket closed, reconnecting (1/3)...
[08:20:49.085] [Global WebSocket] Suppressed error to prevent crash: Unexpected server response: 404
[08:20:49.086] [PAI SDK] WebSocket closed, reconnecting (1/3)...
[08:20:59.159] [Global WebSocket] Suppressed error to prevent crash: Unexpected server response: 404
[08:20:59.159] [PAI SDK] WebSocket closed, reconnecting (1/3)...
[08:21:09.238] [Global WebSocket] Suppressed error to prevent crash: Unexpected server response: 404
[08:21:09.239] [PAI SDK] WebSocket closed, reconnecting (1/3)...
[08:21:19.307] [Global WebSocket] Suppressed error to prevent crash: Unexpected server response: 404
[08:21:19.308] [PAI SDK] WebSocket closed, reconnecting (1/3)...
[08:21:29.366] [Global WebSocket] Suppressed error to prevent crash: Unexpected server response: 404
[08:21:29.366] [PAI SDK] WebSocket closed, reconnecting (1/3)...
[08:21:39.438] [Global WebSocket] Suppressed error to prevent crash: Unexpected server response: 404
[08:21:39.438] [PAI SDK] WebSocket closed, reconnecting (1/3)...
[08:21:49.519] [Global WebSocket] Suppressed error to prevent crash: Unexpected server response: 404
[08:21:49.520] [PAI SDK] WebSocket closed, reconnecting (1/3)...
[08:21:59.662] [Global WebSocket] Suppressed error to prevent crash: Unexpected server response: 404
[08:21:59.663] [PAI SDK] WebSocket closed, reconnecting (1/3)...
[08:22:09.722] [Global WebSocket] Suppressed error to prevent crash: Unexpected server response: 404
[08:22:09.722] [PAI SDK] WebSocket closed, reconnecting (1/3)...
[08:22:19.820] [Global WebSocket] Suppressed error to prevent crash: Unexpected server response: 404
[08:22:19.821] [PAI SDK] WebSocket closed, reconnecting (1/3)...
[08:22:33.489] [Global WebSocket] Suppressed error to prevent crash: Unexpected server response: 404
[08:22:33.489] [PAI SDK] WebSocket closed, reconnecting (1/3)...
[08:22:43.590] [Global WebSocket] Suppressed error to prevent crash: Unexpected server response: 404
[08:22:43.590] [PAI SDK] WebSocket closed, reconnecting (1/3)...
[08:22:53.681] [Global WebSocket] Suppressed error to prevent crash: Unexpected server response: 404
[08:22:53.682] [PAI SDK] WebSocket closed, reconnecting (1/3)...
[08:23:03.746] [Global WebSocket] Suppressed error to prevent crash: Unexpected server response: 404
[08:23:03.747] [PAI SDK] WebSocket closed, reconnecting (1/3)...
[08:23:13.882] [Global WebSocket] Suppressed error to prevent crash: Unexpected server response: 404
[08:23:13.883] [PAI SDK] WebSocket closed, reconnecting (1/3)...
[08:23:23.959] [Global WebSocket] Suppressed error to prevent crash: Unexpected server response: 404
[08:23:23.959] [PAI SDK] WebSocket closed, reconnecting (1/3)...
[08:23:34.031] [Global WebSocket] Suppressed error to prevent crash: Unexpected server response: 404
[08:23:34.032] [PAI SDK] WebSocket closed, reconnecting (1/3)...
[08:23:44.142] [Global WebSocket] Suppressed error to prevent crash: Unexpected server response: 404
[08:23:44.143] [PAI SDK] WebSocket closed, reconnecting (1/3)...
[08:23:54.232] [Global WebSocket] Suppressed error to prevent crash: Unexpected server response: 404
[08:23:54.232] [PAI SDK] WebSocket closed, reconnecting (1/3)...
[08:24:04.299] [Global WebSocket] Suppressed error to prevent crash: Unexpected server response: 404
[08:24:04.300] [PAI SDK] WebSocket closed, reconnecting (1/3)...
[08:24:14.359] [Global WebSocket] Suppressed error to prevent crash: Unexpected server response: 404
[08:24:14.359] [PAI SDK] WebSocket closed, reconnecting (1/3)...
[08:24:24.423] [Global WebSocket] Suppressed error to prevent crash: Unexpected server response: 404
[08:24:24.423] [PAI SDK] WebSocket closed, reconnecting (1/3)...
[08:24:34.480] [Global WebSocket] Suppressed error to prevent crash: Unexpected server response: 404
[08:24:34.480] [PAI SDK] WebSocket closed, reconnecting (1/3)...
[08:24:44.589] [Global WebSocket] Suppressed error to prevent crash: Unexpected server response: 404
[08:24:44.589] [PAI SDK] WebSocket closed, reconnecting (1/3)...
[08:24:54.686] [Global WebSocket] Suppressed error to prevent crash: Unexpected server response: 404
[08:24:54.686] [PAI SDK] WebSocket closed, reconnecting (1/3)...
[08:25:04.759] [Global WebSocket] Suppressed error to prevent crash: Unexpected server response: 404
[08:25:04.760] [PAI SDK] WebSocket closed, reconnecting (1/3)...
[08:25:14.826] [Global WebSocket] Suppressed error to prevent crash: Unexpected server response: 404
[08:25:14.826] [PAI SDK] WebSocket closed, reconnecting (1/3)...
[08:25:24.941] [Global WebSocket] Suppressed error to prevent crash: Unexpected server response: 404
[08:25:24.942] [PAI SDK] WebSocket closed, reconnecting (1/3)...
[08:25:34.998] [Global WebSocket] Suppressed error to prevent crash: Unexpected server response: 404
[08:25:34.998] [PAI SDK] WebSocket closed, reconnecting (1/3)...
[08:25:45.053] [Global WebSocket] Suppressed error to prevent crash: Unexpected server response: 404
[08:25:45.054] [PAI SDK] WebSocket closed, reconnecting (1/3)...
[08:25:55.122] [Global WebSocket] Suppressed error to prevent crash: Unexpected server response: 404
[08:25:55.123] [PAI SDK] WebSocket closed, reconnecting (1/3)...
[08:26:05.202] [Global WebSocket] Suppressed error to prevent crash: Unexpected server response: 404
[08:26:05.202] [PAI SDK] WebSocket closed, reconnecting (1/3)...
[08:26:15.291] [Global WebSocket] Suppressed error to prevent crash: Unexpected server response: 404
[08:26:15.291] [PAI SDK] WebSocket closed, reconnecting (1/3)...
[08:26:25.364] [Global WebSocket] Suppressed error to prevent crash: Unexpected server response: 404
[08:26:25.364] [PAI SDK] WebSocket closed, reconnecting (1/3)...
[08:26:35.436] [Global WebSocket] Suppressed error to prevent crash: Unexpected server response: 404
[08:26:35.436] [PAI SDK] WebSocket closed, reconnecting (1/3)...
[08:27:00.558] [Global WebSocket] Suppressed error to prevent crash: Unexpected server response: 404
[08:27:00.558] [PAI SDK] WebSocket closed, reconnecting (1/3)...
[08:27:10.637] [Global WebSocket] Suppressed error to prevent crash: Unexpected server response: 404
[08:27:10.637] [PAI SDK] WebSocket closed, reconnecting (1/3)...
[08:27:20.704] [Global WebSocket] Suppressed error to prevent crash: Unexpected server response: 404
[08:27:20.704] [PAI SDK] WebSocket closed, reconnecting (1/3)...
[08:27:30.781] [Global WebSocket] Suppressed error to prevent crash: Unexpected server response: 404
[08:27:30.781] [PAI SDK] WebSocket closed, reconnecting (1/3)...
[08:27:40.849] [Global WebSocket] Suppressed error to prevent crash: Unexpected server response: 404
[08:27:40.850] [PAI SDK] WebSocket closed, reconnecting (1/3)...
[08:27:50.939] [Global WebSocket] Suppressed error to prevent crash: Unexpected server response: 404
[08:27:50.939] [PAI SDK] WebSocket closed, reconnecting (1/3)...
[08:28:01.032] [Global WebSocket] Suppressed error to prevent crash: Unexpected server response: 404
[08:28:01.033] [PAI SDK] WebSocket closed, reconnecting (1/3)...
[08:28:11.114] [Global WebSocket] Suppressed error to prevent crash: Unexpected server response: 404
[08:28:11.115] [PAI SDK] WebSocket closed, reconnecting (1/3)...
[08:28:21.211] [Global WebSocket] Suppressed error to prevent crash: Unexpected server response: 404
[08:28:21.212] [PAI SDK] WebSocket closed, reconnecting (1/3)...
[08:28:31.281] [Global WebSocket] Suppressed error to prevent crash: Unexpected server response: 404
[08:28:31.281] [PAI SDK] WebSocket closed, reconnecting (1/3)...
[08:28:41.355] [Global WebSocket] Suppressed error to prevent crash: Unexpected server response: 404
[08:28:41.355] [PAI SDK] WebSocket closed, reconnecting (1/3)...
[08:28:51.415] [Global WebSocket] Suppressed error to prevent crash: Unexpected server response: 404
[08:28:51.415] [PAI SDK] WebSocket closed, reconnecting (1/3)...
[08:29:01.621] [Global WebSocket] Suppressed error to prevent crash: Unexpected server response: 404
[08:29:01.622] [PAI SDK] WebSocket closed, reconnecting (1/3)...
[08:29:11.728] [Global WebSocket] Suppressed error to prevent crash: Unexpected server response: 404
[08:29:11.728] [PAI SDK] WebSocket closed, reconnecting (1/3)...
[08:29:21.778] [Global WebSocket] Suppressed error to prevent crash: Unexpected server response: 404
[08:29:21.779] [PAI SDK] WebSocket closed, reconnecting (1/3)...
[08:29:31.853] [Global WebSocket] Suppressed error to prevent crash: Unexpected server response: 404
[08:29:31.853] [PAI SDK] WebSocket closed, reconnecting (1/3)...
[08:29:41.947] [Global WebSocket] Suppressed error to prevent crash: Unexpected server response: 404
[08:29:41.947] [PAI SDK] WebSocket closed, reconnecting (1/3)...
[08:29:52.007] [Global WebSocket] Suppressed error to prevent crash: Unexpected server response: 404
[08:29:52.007] [PAI SDK] WebSocket closed, reconnecting (1/3)...
[08:30:02.073] [Global WebSocket] Suppressed error to prevent crash: Unexpected server response: 404
[08:30:02.073] [PAI SDK] WebSocket closed, reconnecting (1/3)...
[08:30:12.189] [Global WebSocket] Suppressed error to prevent crash: Unexpected server response: 404
[08:30:12.189] [PAI SDK] WebSocket closed, reconnecting (1/3)...
[08:30:22.251] [Global WebSocket] Suppressed error to prevent crash: Unexpected server response: 404
[08:30:22.251] [PAI SDK] WebSocket closed, reconnecting (1/3)...
[08:30:32.322] [Global WebSocket] Suppressed error to prevent crash: Unexpected server response: 404
[08:30:32.322] [PAI SDK] WebSocket closed, reconnecting (1/3)...
[08:30:42.387] [Global WebSocket] Suppressed error to prevent crash: Unexpected server response: 404
[08:30:42.387] [PAI SDK] WebSocket closed, reconnecting (1/3)...
[08:30:52.476] [Global WebSocket] Suppressed error to prevent crash: Unexpected server response: 404
[08:30:52.476] [PAI SDK] WebSocket closed, reconnecting (1/3)...
[08:31:02.538] [Global WebSocket] Suppressed error to prevent crash: Unexpected server response: 404
[08:31:02.538] [PAI SDK] WebSocket closed, reconnecting (1/3)...
[08:31:12.631] [Global WebSocket] Suppressed error to prevent crash: Unexpected server response: 404
[08:31:12.631] [PAI SDK] WebSocket closed, reconnecting (1/3)...
[08:31:22.703] [Global WebSocket] Suppressed error to prevent crash: Unexpected server response: 404
[08:31:22.703] [PAI SDK] WebSocket closed, reconnecting (1/3)...
[08:31:32.783] [Global WebSocket] Suppressed error to prevent crash: Unexpected server response: 404
[08:31:32.783] [PAI SDK] WebSocket closed, reconnecting (1/3)...
[08:31:42.855] [Global WebSocket] Suppressed error to prevent crash: Unexpected server response: 404
[08:31:42.855] [PAI SDK] WebSocket closed, reconnecting (1/3)...
[08:31:52.934] [Global WebSocket] Suppressed error to prevent crash: Unexpected server response: 404
[08:31:52.934] [PAI SDK] WebSocket closed, reconnecting (1/3)...
[08:32:03.017] [Global WebSocket] Suppressed error to prevent crash: Unexpected server response: 404
[08:32:03.017] [PAI SDK] WebSocket closed, reconnecting (1/3)...
[08:32:13.094] [Global WebSocket] Suppressed error to prevent crash: Unexpected server response: 404
[08:32:13.095] [PAI SDK] WebSocket closed, reconnecting (1/3)...
[08:32:23.180] [Global WebSocket] Suppressed error to prevent crash: Unexpected server response: 404
[08:32:23.181] [PAI SDK] WebSocket closed, reconnecting (1/3)...
[08:32:33.248] [Global WebSocket] Suppressed error to prevent crash: Unexpected server response: 404
[08:32:33.248] [PAI SDK] WebSocket closed, reconnecting (1/3)...
[08:32:43.331] [Global WebSocket] Suppressed error to prevent crash: Unexpected server response: 404
[08:32:43.332] [PAI SDK] WebSocket closed, reconnecting (1/3)...
[08:32:53.436] [Global WebSocket] Suppressed error to prevent crash: Unexpected server response: 404
[08:32:53.437] [PAI SDK] WebSocket closed, reconnecting (1/3)...
[08:33:03.504] [Global WebSocket] Suppressed error to prevent crash: Unexpected server response: 404
[08:33:03.504] [PAI SDK] WebSocket closed, reconnecting (1/3)...
[08:33:13.576] [Global WebSocket] Suppressed error to prevent crash: Unexpected server response: 404
[08:33:13.576] [PAI SDK] WebSocket closed, reconnecting (1/3)...
[08:33:23.670] [Global WebSocket] Suppressed error to prevent crash: Unexpected server response: 404
[08:33:23.671] [PAI SDK] WebSocket closed, reconnecting (1/3)...
[08:33:33.749] [Global WebSocket] Suppressed error to prevent crash: Unexpected server response: 404
[08:33:33.749] [PAI SDK] WebSocket closed, reconnecting (1/3)...
[08:33:43.835] [Global WebSocket] Suppressed error to prevent crash: Unexpected server response: 404
[08:33:43.836] [PAI SDK] WebSocket closed, reconnecting (1/3)...
[08:33:53.913] [Global WebSocket] Suppressed error to prevent crash: Unexpected server response: 404
[08:33:53.914] [PAI SDK] WebSocket closed, reconnecting (1/3)...
[08:34:03.987] [Global WebSocket] Suppressed error to prevent crash: Unexpected server response: 404
[08:34:03.987] [PAI SDK] WebSocket closed, reconnecting (1/3)...
[08:34:14.076] [Global WebSocket] Suppressed error to prevent crash: Unexpected server response: 404
[08:34:14.077] [PAI SDK] WebSocket closed, reconnecting (1/3)...
[08:34:24.174] [Global WebSocket] Suppressed error to prevent crash: Unexpected server response: 404
[08:34:24.174] [PAI SDK] WebSocket closed, reconnecting (1/3)...
[08:34:34.253] [Global WebSocket] Suppressed error to prevent crash: Unexpected server response: 404
[08:34:34.253] [PAI SDK] WebSocket closed, reconnecting (1/3)...
[08:34:44.391] [Global WebSocket] Suppressed error to prevent crash: Unexpected server response: 404
[08:34:44.391] [PAI SDK] WebSocket closed, reconnecting (1/3)...
[08:34:54.481] [Global WebSocket] Suppressed error to prevent crash: Unexpected server response: 404
[08:34:54.482] [PAI SDK] WebSocket closed, reconnecting (1/3)...
[08:35:04.572] [Global WebSocket] Suppressed error to prevent crash: Unexpected server response: 404
[08:35:04.573] [PAI SDK] WebSocket closed, reconnecting (1/3)...
[08:35:14.643] [Global WebSocket] Suppressed error to prevent crash: Unexpected server response: 404
[08:35:14.643] [PAI SDK] WebSocket closed, reconnecting (1/3)...
[08:35:24.715] [Global WebSocket] Suppressed error to prevent crash: Unexpected server response: 404
[08:35:24.716] [PAI SDK] WebSocket closed, reconnecting (1/3)...
[08:35:34.787] [Global WebSocket] Suppressed error to prevent crash: Unexpected server response: 404
[08:35:34.787] [PAI SDK] WebSocket closed, reconnecting (1/3)...
[08:35:44.855] [Global WebSocket] Suppressed error to prevent crash: Unexpected server response: 404
[08:35:44.855] [PAI SDK] WebSocket closed, reconnecting (1/3)...
[08:35:54.926] [Global WebSocket] Suppressed error to prevent crash: Unexpected server response: 404
[08:35:54.927] [PAI SDK] WebSocket closed, reconnecting (1/3)...
[08:36:05.054] [Global WebSocket] Suppressed error to prevent crash: Unexpected server response: 404
[08:36:05.055] [PAI SDK] WebSocket closed, reconnecting (1/3)...
[08:36:15.163] [Global WebSocket] Suppressed error to prevent crash: Unexpected server response: 404
[08:36:15.164] [PAI SDK] WebSocket closed, reconnecting (1/3)...
[08:36:25.236] [Global WebSocket] Suppressed error to prevent crash: Unexpected server response: 404
[08:36:25.237] [PAI SDK] WebSocket closed, reconnecting (1/3)...
[08:36:35.315] [Global WebSocket] Suppressed error to prevent crash: Unexpected server response: 404
[08:36:35.316] [PAI SDK] WebSocket closed, reconnecting (1/3)...
[08:36:45.398] [Global WebSocket] Suppressed error to prevent crash: Unexpected server response: 404
[08:36:45.399] [PAI SDK] WebSocket closed, reconnecting (1/3)...
[08:36:55.476] [Global WebSocket] Suppressed error to prevent crash: Unexpected server response: 404
[08:36:55.477] [PAI SDK] WebSocket closed, reconnecting (1/3)...
[08:37:05.551] [Global WebSocket] Suppressed error to prevent crash: Unexpected server response: 404
[08:37:05.551] [PAI SDK] WebSocket closed, reconnecting (1/3)...
[08:37:15.653] [Global WebSocket] Suppressed error to prevent crash: Unexpected server response: 404
[08:37:15.654] [PAI SDK] WebSocket closed, reconnecting (1/3)...
[08:37:25.732] [Global WebSocket] Suppressed error to prevent crash: Unexpected server response: 404
[08:37:25.733] [PAI SDK] WebSocket closed, reconnecting (1/3)...
[08:37:35.811] [Global WebSocket] Suppressed error to prevent crash: Unexpected server response: 404
[08:37:35.812] [PAI SDK] WebSocket closed, reconnecting (1/3)...
[08:37:45.908] [Global WebSocket] Suppressed error to prevent crash: Unexpected server response: 404
[08:37:45.909] [PAI SDK] WebSocket closed, reconnecting (1/3)...
[08:37:56.010] [Global WebSocket] Suppressed error to prevent crash: Unexpected server response: 404
[08:37:56.010] [PAI SDK] WebSocket closed, reconnecting (1/3)...
[08:38:06.089] [Global WebSocket] Suppressed error to prevent crash: Unexpected server response: 404
[08:38:06.090] [PAI SDK] WebSocket closed, reconnecting (1/3)...
[08:38:16.173] [Global WebSocket] Suppressed error to prevent crash: Unexpected server response: 404
[08:38:16.173] [PAI SDK] WebSocket closed, reconnecting (1/3)...
[08:38:26.260] [Global WebSocket] Suppressed error to prevent crash: Unexpected server response: 404
[08:38:26.260] [PAI SDK] WebSocket closed, reconnecting (1/3)...
[08:38:36.333] [Global WebSocket] Suppressed error to prevent crash: Unexpected server response: 404
[08:38:36.333] [PAI SDK] WebSocket closed, reconnecting (1/3)...
[08:38:46.397] [Global WebSocket] Suppressed error to prevent crash: Unexpected server response: 404
[08:38:46.398] [PAI SDK] WebSocket closed, reconnecting (1/3)...
[08:38:56.470] [Global WebSocket] Suppressed error to prevent crash: Unexpected server response: 404
[08:38:56.470] [PAI SDK] WebSocket closed, reconnecting (1/3)...
[08:39:06.563] [Global WebSocket] Suppressed error to prevent crash: Unexpected server response: 404
[08:39:06.564] [PAI SDK] WebSocket closed, reconnecting (1/3)...
[08:39:16.633] [Global WebSocket] Suppressed error to prevent crash: Unexpected server response: 404
[08:39:16.634] [PAI SDK] WebSocket closed, reconnecting (1/3)...
[08:39:26.704] [Global WebSocket] Suppressed error to prevent crash: Unexpected server response: 404
[08:39:26.705] [PAI SDK] WebSocket closed, reconnecting (1/3)...
[08:39:36.769] [Global WebSocket] Suppressed error to prevent crash: Unexpected server response: 404
[08:39:36.769] [PAI SDK] WebSocket closed, reconnecting (1/3)...
[10:50:54.832] Heartbeat timeout.
[10:50:54.832] Shutting down...
[10:50:54.885] Stopping Cloud Dev...
[10:50:55.169] [Global WebSocket] Suppressed error to prevent crash: getaddrinfo ENOTFOUND sd62opo6oqou1ckhsuo00.apigateway-cn-beijing.volceapi.com
[10:50:55.174] [PAI SDK] WebSocket closed, reconnecting (1/3)...
