[20:00:02.676] Try reusing port from lock file: 60989
[20:00:02.708] Server listening on port 60989, PID 18444
[20:00:02.720] readProjectFiles, Found 39 files to read.
[20:00:02.756] Starting PAI Cloud Dev...
[20:00:03.652] [PAI SDK] createCloudSession response: {
  "code": 0,
  "msg": "success",
  "sandboxId": "vefaas-f0vkicge-pyw70jixna-d8gmhg8265o48h8cvfdg-sandbox",
  "endpoint": "https://sd62opo6oqou1ckhsuo00.apigateway-cn-beijing.volceapi.com"
}
[20:00:03.725] [PAI SDK] cloudServer.start called, appId: pai-preview-trae-f581e68c
[20:00:04.192] [PAI SDK] Received event: log {"content":"\n> taro_template@1.0.0 dev:h5\n> npm run build:h5 -- --watch\n\n\n> taro_template@1.0.0 build:h5\n> taro build --type h5 --watch\n\n","timestamp":1780574403124}
[20:00:04.454] [PAI SDK] Received event: log {"content":"👽 Taro v4.1.9\n\n","timestamp":1780574403440}
[20:00:05.664] [PAI SDK] Received event: log {"content":"Tips:\n1. 建议开启持久化缓存功能，能有效提升二次编译速度，详情请参考: https://docs.taro.zone/docs/config-detail#cache。\n\n\n","timestamp":1780574404651}
[20:00:06.665] [PAI SDK] Received event: log {"content":"- 即将开始启动编译，请稍等~\n","timestamp":1780574405652}
[20:00:20.183] [PAI SDK] Received event: log {"content":"✅  编译成功 6/4/2026, 8:00:19 PM\n\n","timestamp":1780574419170}
[20:00:20.186] [PAI SDK] cloudServer.start response: {
  "status": "running",
  "msg": "Cloud Server started successfully.",
  "hash": "pai-preview-trae-f581e68c"
}
[20:00:53.196] [Preview Server] Frontend connected, clients size = 1
[20:00:53.196] Sending cached status to new connection, lastStatusMessage = {"event":"status_change","message":{"url":"https://sd62opo6oqou1ckhsuo00.apigateway-cn-beijing.volceapi.com/?faasInstanceName=vefaas-f0vkicge-pyw70jixna-d8gmhg8265o48h8cvfdg-sandbox&hash=pai-preview-trae-f581e68c","schema":"aipa://preview?type=pai&aipa_id=pai-preview-trae-f581e68c&uuid=bae66307-e5f1-4dc3-9371-d6d42d178d28","status":"running","msg":"Cloud Server started successfully.","framework":"taro"}}
[20:35:00.437] [PAI SDK] WebSocket closed, reconnecting (1/3)...
[20:35:10.519] [Global WebSocket] Suppressed error to prevent crash: Unexpected server response: 404
[20:35:10.520] [PAI SDK] WebSocket closed, reconnecting (1/3)...
[20:35:20.623] [Global WebSocket] Suppressed error to prevent crash: Unexpected server response: 404
[20:35:20.624] [PAI SDK] WebSocket closed, reconnecting (1/3)...
[20:35:30.698] [Global WebSocket] Suppressed error to prevent crash: Unexpected server response: 404
[20:35:30.698] [PAI SDK] WebSocket closed, reconnecting (1/3)...
[20:35:40.794] [Global WebSocket] Suppressed error to prevent crash: Unexpected server response: 404
[20:35:40.794] [PAI SDK] WebSocket closed, reconnecting (1/3)...
[20:35:50.903] [Global WebSocket] Suppressed error to prevent crash: Unexpected server response: 404
[20:35:50.903] [PAI SDK] WebSocket closed, reconnecting (1/3)...
[20:36:00.970] [Global WebSocket] Suppressed error to prevent crash: Unexpected server response: 404
[20:36:00.970] [PAI SDK] WebSocket closed, reconnecting (1/3)...
[20:36:11.093] [Global WebSocket] Suppressed error to prevent crash: Unexpected server response: 404
[20:36:11.093] [PAI SDK] WebSocket closed, reconnecting (1/3)...
[20:36:21.220] [Global WebSocket] Suppressed error to prevent crash: Unexpected server response: 404
[20:36:21.220] [PAI SDK] WebSocket closed, reconnecting (1/3)...
[20:36:31.301] [Global WebSocket] Suppressed error to prevent crash: Unexpected server response: 404
[20:36:31.302] [PAI SDK] WebSocket closed, reconnecting (1/3)...
[20:36:41.382] [Global WebSocket] Suppressed error to prevent crash: Unexpected server response: 404
[20:36:41.382] [PAI SDK] WebSocket closed, reconnecting (1/3)...
[20:36:51.454] [Global WebSocket] Suppressed error to prevent crash: Unexpected server response: 404
[20:36:51.455] [PAI SDK] WebSocket closed, reconnecting (1/3)...
[20:37:01.548] [Global WebSocket] Suppressed error to prevent crash: Unexpected server response: 404
[20:37:01.548] [PAI SDK] WebSocket closed, reconnecting (1/3)...
[20:37:11.621] [Global WebSocket] Suppressed error to prevent crash: Unexpected server response: 404
[20:37:11.621] [PAI SDK] WebSocket closed, reconnecting (1/3)...
[20:37:21.678] [Global WebSocket] Suppressed error to prevent crash: Unexpected server response: 404
[20:37:21.679] [PAI SDK] WebSocket closed, reconnecting (1/3)...
[20:37:31.756] [Global WebSocket] Suppressed error to prevent crash: Unexpected server response: 404
[20:37:31.756] [PAI SDK] WebSocket closed, reconnecting (1/3)...
[20:37:41.823] [Global WebSocket] Suppressed error to prevent crash: Unexpected server response: 404
[20:37:41.823] [PAI SDK] WebSocket closed, reconnecting (1/3)...
[20:37:51.906] [Global WebSocket] Suppressed error to prevent crash: Unexpected server response: 404
[20:37:51.906] [PAI SDK] WebSocket closed, reconnecting (1/3)...
[20:38:01.993] [Global WebSocket] Suppressed error to prevent crash: Unexpected server response: 404
[20:38:01.993] [PAI SDK] WebSocket closed, reconnecting (1/3)...
[20:38:12.075] [Global WebSocket] Suppressed error to prevent crash: Unexpected server response: 404
[20:38:12.075] [PAI SDK] WebSocket closed, reconnecting (1/3)...
[20:38:22.164] [Global WebSocket] Suppressed error to prevent crash: Unexpected server response: 404
[20:38:22.165] [PAI SDK] WebSocket closed, reconnecting (1/3)...
[20:38:32.245] [Global WebSocket] Suppressed error to prevent crash: Unexpected server response: 404
[20:38:32.245] [PAI SDK] WebSocket closed, reconnecting (1/3)...
[20:38:42.324] [Global WebSocket] Suppressed error to prevent crash: Unexpected server response: 404
[20:38:42.325] [PAI SDK] WebSocket closed, reconnecting (1/3)...
[20:38:52.425] [Global WebSocket] Suppressed error to prevent crash: Unexpected server response: 404
[20:38:52.425] [PAI SDK] WebSocket closed, reconnecting (1/3)...
[20:39:02.534] [Global WebSocket] Suppressed error to prevent crash: Unexpected server response: 404
[20:39:02.535] [PAI SDK] WebSocket closed, reconnecting (1/3)...
[20:39:12.607] [Global WebSocket] Suppressed error to prevent crash: Unexpected server response: 404
[20:39:12.607] [PAI SDK] WebSocket closed, reconnecting (1/3)...
[20:39:22.686] [Global WebSocket] Suppressed error to prevent crash: Unexpected server response: 404
[20:39:22.686] [PAI SDK] WebSocket closed, reconnecting (1/3)...
[20:39:32.761] [Global WebSocket] Suppressed error to prevent crash: Unexpected server response: 404
[20:39:32.762] [PAI SDK] WebSocket closed, reconnecting (1/3)...
[20:39:42.897] [Global WebSocket] Suppressed error to prevent crash: Unexpected server response: 404
[20:39:42.897] [PAI SDK] WebSocket closed, reconnecting (1/3)...
[20:39:53.021] [Global WebSocket] Suppressed error to prevent crash: Unexpected server response: 404
[20:39:53.021] [PAI SDK] WebSocket closed, reconnecting (1/3)...
[20:40:03.114] [Global WebSocket] Suppressed error to prevent crash: Unexpected server response: 404
[20:40:03.114] [PAI SDK] WebSocket closed, reconnecting (1/3)...
[20:40:13.181] [Global WebSocket] Suppressed error to prevent crash: Unexpected server response: 404
[20:40:13.181] [PAI SDK] WebSocket closed, reconnecting (1/3)...
[20:40:23.249] [Global WebSocket] Suppressed error to prevent crash: Unexpected server response: 404
[20:40:23.249] [PAI SDK] WebSocket closed, reconnecting (1/3)...
[20:40:33.317] [Global WebSocket] Suppressed error to prevent crash: Unexpected server response: 404
[20:40:33.317] [PAI SDK] WebSocket closed, reconnecting (1/3)...
[20:40:43.403] [Global WebSocket] Suppressed error to prevent crash: Unexpected server response: 404
[20:40:43.403] [PAI SDK] WebSocket closed, reconnecting (1/3)...
[20:40:53.474] [Global WebSocket] Suppressed error to prevent crash: Unexpected server response: 404
[20:40:53.474] [PAI SDK] WebSocket closed, reconnecting (1/3)...
[20:41:03.548] [Global WebSocket] Suppressed error to prevent crash: Unexpected server response: 404
[20:41:03.548] [PAI SDK] WebSocket closed, reconnecting (1/3)...
[20:41:13.877] [Global WebSocket] Suppressed error to prevent crash: Unexpected server response: 404
[20:41:13.877] [PAI SDK] WebSocket closed, reconnecting (1/3)...
[20:41:23.940] [Global WebSocket] Suppressed error to prevent crash: Unexpected server response: 404
[20:41:23.941] [PAI SDK] WebSocket closed, reconnecting (1/3)...
[20:41:34.042] [Global WebSocket] Suppressed error to prevent crash: Unexpected server response: 404
[20:41:34.042] [PAI SDK] WebSocket closed, reconnecting (1/3)...
[20:41:44.124] [Global WebSocket] Suppressed error to prevent crash: Unexpected server response: 404
[20:41:44.124] [PAI SDK] WebSocket closed, reconnecting (1/3)...
[20:41:54.204] [Global WebSocket] Suppressed error to prevent crash: Unexpected server response: 404
[20:41:54.205] [PAI SDK] WebSocket closed, reconnecting (1/3)...
[20:42:04.290] [Global WebSocket] Suppressed error to prevent crash: Unexpected server response: 404
[20:42:04.291] [PAI SDK] WebSocket closed, reconnecting (1/3)...
[20:42:14.369] [Global WebSocket] Suppressed error to prevent crash: Unexpected server response: 404
[20:42:14.370] [PAI SDK] WebSocket closed, reconnecting (1/3)...
[20:42:24.481] [Global WebSocket] Suppressed error to prevent crash: Unexpected server response: 404
[20:42:24.482] [PAI SDK] WebSocket closed, reconnecting (1/3)...
[20:42:34.559] [Global WebSocket] Suppressed error to prevent crash: Unexpected server response: 404
[20:42:34.559] [PAI SDK] WebSocket closed, reconnecting (1/3)...
[20:42:44.700] [Global WebSocket] Suppressed error to prevent crash: Unexpected server response: 404
[20:42:44.700] [PAI SDK] WebSocket closed, reconnecting (1/3)...
[20:42:54.788] [Global WebSocket] Suppressed error to prevent crash: Unexpected server response: 404
[20:42:54.788] [PAI SDK] WebSocket closed, reconnecting (1/3)...
[20:43:04.860] [Global WebSocket] Suppressed error to prevent crash: Unexpected server response: 404
[20:43:04.860] [PAI SDK] WebSocket closed, reconnecting (1/3)...
[20:43:14.937] [Global WebSocket] Suppressed error to prevent crash: Unexpected server response: 404
[20:43:14.937] [PAI SDK] WebSocket closed, reconnecting (1/3)...
[20:43:25.001] [Global WebSocket] Suppressed error to prevent crash: Unexpected server response: 404
[20:43:25.001] [PAI SDK] WebSocket closed, reconnecting (1/3)...
[20:43:35.084] [Global WebSocket] Suppressed error to prevent crash: Unexpected server response: 404
[20:43:35.084] [PAI SDK] WebSocket closed, reconnecting (1/3)...
[20:43:45.149] [Global WebSocket] Suppressed error to prevent crash: Unexpected server response: 404
[20:43:45.149] [PAI SDK] WebSocket closed, reconnecting (1/3)...
[20:43:55.215] [Global WebSocket] Suppressed error to prevent crash: Unexpected server response: 404
[20:43:55.215] [PAI SDK] WebSocket closed, reconnecting (1/3)...
[20:44:05.342] [Global WebSocket] Suppressed error to prevent crash: Unexpected server response: 404
[20:44:05.342] [PAI SDK] WebSocket closed, reconnecting (1/3)...
[20:44:15.411] [Global WebSocket] Suppressed error to prevent crash: Unexpected server response: 404
[20:44:15.411] [PAI SDK] WebSocket closed, reconnecting (1/3)...
[20:44:25.505] [Global WebSocket] Suppressed error to prevent crash: Unexpected server response: 404
[20:44:25.506] [PAI SDK] WebSocket closed, reconnecting (1/3)...
[20:44:35.581] [Global WebSocket] Suppressed error to prevent crash: Unexpected server response: 404
[20:44:35.581] [PAI SDK] WebSocket closed, reconnecting (1/3)...
[20:44:45.644] [Global WebSocket] Suppressed error to prevent crash: Unexpected server response: 404
[20:44:45.644] [PAI SDK] WebSocket closed, reconnecting (1/3)...
[20:44:55.829] [Global WebSocket] Suppressed error to prevent crash: Unexpected server response: 404
[20:44:55.829] [PAI SDK] WebSocket closed, reconnecting (1/3)...
[20:45:05.901] [Global WebSocket] Suppressed error to prevent crash: Unexpected server response: 404
[20:45:05.901] [PAI SDK] WebSocket closed, reconnecting (1/3)...
[20:45:15.971] [Global WebSocket] Suppressed error to prevent crash: Unexpected server response: 404
[20:45:15.971] [PAI SDK] WebSocket closed, reconnecting (1/3)...
[20:45:26.040] [Global WebSocket] Suppressed error to prevent crash: Unexpected server response: 404
[20:45:26.041] [PAI SDK] WebSocket closed, reconnecting (1/3)...
[20:45:36.101] [Global WebSocket] Suppressed error to prevent crash: Unexpected server response: 404
[20:45:36.101] [PAI SDK] WebSocket closed, reconnecting (1/3)...
[20:45:46.198] [Global WebSocket] Suppressed error to prevent crash: Unexpected server response: 404
[20:45:46.198] [PAI SDK] WebSocket closed, reconnecting (1/3)...
[20:45:56.256] [Global WebSocket] Suppressed error to prevent crash: Unexpected server response: 404
[20:45:56.257] [PAI SDK] WebSocket closed, reconnecting (1/3)...
[20:46:06.357] [Global WebSocket] Suppressed error to prevent crash: Unexpected server response: 404
[20:46:06.357] [PAI SDK] WebSocket closed, reconnecting (1/3)...
[20:46:16.434] [Global WebSocket] Suppressed error to prevent crash: Unexpected server response: 404
[20:46:16.434] [PAI SDK] WebSocket closed, reconnecting (1/3)...
[20:46:26.496] [Global WebSocket] Suppressed error to prevent crash: Unexpected server response: 404
[20:46:26.496] [PAI SDK] WebSocket closed, reconnecting (1/3)...
[20:46:36.578] [Global WebSocket] Suppressed error to prevent crash: Unexpected server response: 404
[20:46:36.579] [PAI SDK] WebSocket closed, reconnecting (1/3)...
[20:46:46.646] [Global WebSocket] Suppressed error to prevent crash: Unexpected server response: 404
[20:46:46.646] [PAI SDK] WebSocket closed, reconnecting (1/3)...
[20:46:56.715] [Global WebSocket] Suppressed error to prevent crash: Unexpected server response: 404
[20:46:56.716] [PAI SDK] WebSocket closed, reconnecting (1/3)...
[20:47:06.799] [Global WebSocket] Suppressed error to prevent crash: Unexpected server response: 404
[20:47:06.799] [PAI SDK] WebSocket closed, reconnecting (1/3)...
[20:47:16.885] [Global WebSocket] Suppressed error to prevent crash: Unexpected server response: 404
[20:47:16.885] [PAI SDK] WebSocket closed, reconnecting (1/3)...
[20:47:26.945] [Global WebSocket] Suppressed error to prevent crash: Unexpected server response: 404
[20:47:26.945] [PAI SDK] WebSocket closed, reconnecting (1/3)...
[20:47:37.028] [Global WebSocket] Suppressed error to prevent crash: Unexpected server response: 404
[20:47:37.028] [PAI SDK] WebSocket closed, reconnecting (1/3)...
[20:47:47.126] [Global WebSocket] Suppressed error to prevent crash: Unexpected server response: 404
[20:47:47.126] [PAI SDK] WebSocket closed, reconnecting (1/3)...
[20:47:57.200] [Global WebSocket] Suppressed error to prevent crash: Unexpected server response: 404
[20:47:57.201] [PAI SDK] WebSocket closed, reconnecting (1/3)...
[20:48:07.271] [Global WebSocket] Suppressed error to prevent crash: Unexpected server response: 404
[20:48:07.272] [PAI SDK] WebSocket closed, reconnecting (1/3)...
[20:48:17.342] [Global WebSocket] Suppressed error to prevent crash: Unexpected server response: 404
[20:48:17.342] [PAI SDK] WebSocket closed, reconnecting (1/3)...
[20:48:27.421] [Global WebSocket] Suppressed error to prevent crash: Unexpected server response: 404
[20:48:27.422] [PAI SDK] WebSocket closed, reconnecting (1/3)...
[20:48:37.507] [Global WebSocket] Suppressed error to prevent crash: Unexpected server response: 404
[20:48:37.507] [PAI SDK] WebSocket closed, reconnecting (1/3)...
[20:48:47.591] [Global WebSocket] Suppressed error to prevent crash: Unexpected server response: 404
[20:48:47.591] [PAI SDK] WebSocket closed, reconnecting (1/3)...
[20:48:57.663] [Global WebSocket] Suppressed error to prevent crash: Unexpected server response: 404
[20:48:57.663] [PAI SDK] WebSocket closed, reconnecting (1/3)...
[20:49:07.824] [Global WebSocket] Suppressed error to prevent crash: Unexpected server response: 404
[20:49:07.824] [PAI SDK] WebSocket closed, reconnecting (1/3)...
[20:49:17.892] [Global WebSocket] Suppressed error to prevent crash: Unexpected server response: 404
[20:49:17.892] [PAI SDK] WebSocket closed, reconnecting (1/3)...
[20:49:27.979] [Global WebSocket] Suppressed error to prevent crash: Unexpected server response: 404
[20:49:27.979] [PAI SDK] WebSocket closed, reconnecting (1/3)...
[20:49:38.043] [Global WebSocket] Suppressed error to prevent crash: Unexpected server response: 404
[20:49:38.043] [PAI SDK] WebSocket closed, reconnecting (1/3)...
[20:49:48.119] [Global WebSocket] Suppressed error to prevent crash: Unexpected server response: 404
[20:49:48.119] [PAI SDK] WebSocket closed, reconnecting (1/3)...
[20:49:58.200] [Global WebSocket] Suppressed error to prevent crash: Unexpected server response: 404
[20:49:58.201] [PAI SDK] WebSocket closed, reconnecting (1/3)...
[20:50:08.266] [Global WebSocket] Suppressed error to prevent crash: Unexpected server response: 404
[20:50:08.267] [PAI SDK] WebSocket closed, reconnecting (1/3)...
[20:50:18.329] [Global WebSocket] Suppressed error to prevent crash: Unexpected server response: 404
[20:50:18.329] [PAI SDK] WebSocket closed, reconnecting (1/3)...
[20:50:28.411] [Global WebSocket] Suppressed error to prevent crash: Unexpected server response: 404
[20:50:28.412] [PAI SDK] WebSocket closed, reconnecting (1/3)...
[20:50:38.500] [Global WebSocket] Suppressed error to prevent crash: Unexpected server response: 404
[20:50:38.500] [PAI SDK] WebSocket closed, reconnecting (1/3)...
[20:50:48.605] [Global WebSocket] Suppressed error to prevent crash: Unexpected server response: 404
[20:50:48.605] [PAI SDK] WebSocket closed, reconnecting (1/3)...
[20:50:58.700] [Global WebSocket] Suppressed error to prevent crash: Unexpected server response: 404
[20:50:58.701] [PAI SDK] WebSocket closed, reconnecting (1/3)...
[20:51:08.797] [Global WebSocket] Suppressed error to prevent crash: Unexpected server response: 404
[20:51:08.797] [PAI SDK] WebSocket closed, reconnecting (1/3)...
[20:51:18.863] [Global WebSocket] Suppressed error to prevent crash: Unexpected server response: 404
[20:51:18.863] [PAI SDK] WebSocket closed, reconnecting (1/3)...
[20:51:28.938] [Global WebSocket] Suppressed error to prevent crash: Unexpected server response: 404
[20:51:28.938] [PAI SDK] WebSocket closed, reconnecting (1/3)...
[20:51:39.015] [Global WebSocket] Suppressed error to prevent crash: Unexpected server response: 404
[20:51:39.016] [PAI SDK] WebSocket closed, reconnecting (1/3)...
[20:51:49.075] [Global WebSocket] Suppressed error to prevent crash: Unexpected server response: 404
[20:51:49.075] [PAI SDK] WebSocket closed, reconnecting (1/3)...
[20:51:59.146] [Global WebSocket] Suppressed error to prevent crash: Unexpected server response: 404
[20:51:59.147] [PAI SDK] WebSocket closed, reconnecting (1/3)...
[20:52:09.225] [Global WebSocket] Suppressed error to prevent crash: Unexpected server response: 404
[20:52:09.225] [PAI SDK] WebSocket closed, reconnecting (1/3)...
[20:52:19.297] [Global WebSocket] Suppressed error to prevent crash: Unexpected server response: 404
[20:52:19.297] [PAI SDK] WebSocket closed, reconnecting (1/3)...
[20:52:29.375] [Global WebSocket] Suppressed error to prevent crash: Unexpected server response: 404
[20:52:29.375] [PAI SDK] WebSocket closed, reconnecting (1/3)...
[20:52:39.445] [Global WebSocket] Suppressed error to prevent crash: Unexpected server response: 404
[20:52:39.445] [PAI SDK] WebSocket closed, reconnecting (1/3)...
[20:52:49.522] [Global WebSocket] Suppressed error to prevent crash: Unexpected server response: 404
[20:52:49.522] [PAI SDK] WebSocket closed, reconnecting (1/3)...
[20:52:59.613] [Global WebSocket] Suppressed error to prevent crash: Unexpected server response: 404
[20:52:59.613] [PAI SDK] WebSocket closed, reconnecting (1/3)...
[20:53:09.676] [Global WebSocket] Suppressed error to prevent crash: Unexpected server response: 404
[20:53:09.676] [PAI SDK] WebSocket closed, reconnecting (1/3)...
[20:53:19.769] [Global WebSocket] Suppressed error to prevent crash: Unexpected server response: 404
[20:53:19.770] [PAI SDK] WebSocket closed, reconnecting (1/3)...
[20:53:29.840] [Global WebSocket] Suppressed error to prevent crash: Unexpected server response: 404
[20:53:29.840] [PAI SDK] WebSocket closed, reconnecting (1/3)...
[20:53:39.932] [Global WebSocket] Suppressed error to prevent crash: Unexpected server response: 404
[20:53:39.932] [PAI SDK] WebSocket closed, reconnecting (1/3)...
[20:53:50.008] [Global WebSocket] Suppressed error to prevent crash: Unexpected server response: 404
[20:53:50.009] [PAI SDK] WebSocket closed, reconnecting (1/3)...
[20:54:00.081] [Global WebSocket] Suppressed error to prevent crash: Unexpected server response: 404
[20:54:00.082] [PAI SDK] WebSocket closed, reconnecting (1/3)...
[20:54:10.146] [Global WebSocket] Suppressed error to prevent crash: Unexpected server response: 404
[20:54:10.146] [PAI SDK] WebSocket closed, reconnecting (1/3)...
[20:54:20.216] [Global WebSocket] Suppressed error to prevent crash: Unexpected server response: 404
[20:54:20.217] [PAI SDK] WebSocket closed, reconnecting (1/3)...
[20:54:30.339] [Global WebSocket] Suppressed error to prevent crash: Unexpected server response: 404
[20:54:30.340] [PAI SDK] WebSocket closed, reconnecting (1/3)...
[20:54:40.452] [Global WebSocket] Suppressed error to prevent crash: Unexpected server response: 404
[20:54:40.453] [PAI SDK] WebSocket closed, reconnecting (1/3)...
[20:54:50.522] [Global WebSocket] Suppressed error to prevent crash: Unexpected server response: 404
[20:54:50.522] [PAI SDK] WebSocket closed, reconnecting (1/3)...
[20:55:00.591] [Global WebSocket] Suppressed error to prevent crash: Unexpected server response: 404
[20:55:00.591] [PAI SDK] WebSocket closed, reconnecting (1/3)...
[20:55:10.660] [Global WebSocket] Suppressed error to prevent crash: Unexpected server response: 404
[20:55:10.660] [PAI SDK] WebSocket closed, reconnecting (1/3)...
[20:55:20.729] [Global WebSocket] Suppressed error to prevent crash: Unexpected server response: 404
[20:55:20.729] [PAI SDK] WebSocket closed, reconnecting (1/3)...
[20:55:30.790] [Global WebSocket] Suppressed error to prevent crash: Unexpected server response: 404
[20:55:30.790] [PAI SDK] WebSocket closed, reconnecting (1/3)...
[20:55:40.862] [Global WebSocket] Suppressed error to prevent crash: Unexpected server response: 404
[20:55:40.862] [PAI SDK] WebSocket closed, reconnecting (1/3)...
[20:55:50.920] [Global WebSocket] Suppressed error to prevent crash: Unexpected server response: 404
[20:55:50.921] [PAI SDK] WebSocket closed, reconnecting (1/3)...
[20:56:01.007] [Global WebSocket] Suppressed error to prevent crash: Unexpected server response: 404
[20:56:01.008] [PAI SDK] WebSocket closed, reconnecting (1/3)...
[20:56:11.095] [Global WebSocket] Suppressed error to prevent crash: Unexpected server response: 404
[20:56:11.096] [PAI SDK] WebSocket closed, reconnecting (1/3)...
[20:56:21.300] [Global WebSocket] Suppressed error to prevent crash: Unexpected server response: 404
[20:56:21.300] [PAI SDK] WebSocket closed, reconnecting (1/3)...
[20:56:31.356] [Global WebSocket] Suppressed error to prevent crash: Unexpected server response: 404
[20:56:31.356] [PAI SDK] WebSocket closed, reconnecting (1/3)...
[20:56:41.446] [Global WebSocket] Suppressed error to prevent crash: Unexpected server response: 404
[20:56:41.446] [PAI SDK] WebSocket closed, reconnecting (1/3)...
[20:56:51.509] [Global WebSocket] Suppressed error to prevent crash: Unexpected server response: 404
[20:56:51.509] [PAI SDK] WebSocket closed, reconnecting (1/3)...
[20:57:01.591] [Global WebSocket] Suppressed error to prevent crash: Unexpected server response: 404
[20:57:01.592] [PAI SDK] WebSocket closed, reconnecting (1/3)...
[20:57:11.687] [Global WebSocket] Suppressed error to prevent crash: Unexpected server response: 404
[20:57:11.687] [PAI SDK] WebSocket closed, reconnecting (1/3)...
[20:57:21.759] [Global WebSocket] Suppressed error to prevent crash: Unexpected server response: 404
[20:57:21.759] [PAI SDK] WebSocket closed, reconnecting (1/3)...
[20:57:31.850] [Global WebSocket] Suppressed error to prevent crash: Unexpected server response: 404
[20:57:31.851] [PAI SDK] WebSocket closed, reconnecting (1/3)...
[20:57:41.919] [Global WebSocket] Suppressed error to prevent crash: Unexpected server response: 404
[20:57:41.920] [PAI SDK] WebSocket closed, reconnecting (1/3)...
[20:57:51.985] [Global WebSocket] Suppressed error to prevent crash: Unexpected server response: 404
[20:57:51.985] [PAI SDK] WebSocket closed, reconnecting (1/3)...
[20:58:02.055] [Global WebSocket] Suppressed error to prevent crash: Unexpected server response: 404
[20:58:02.055] [PAI SDK] WebSocket closed, reconnecting (1/3)...
[20:58:12.163] [Global WebSocket] Suppressed error to prevent crash: Unexpected server response: 404
[20:58:12.163] [PAI SDK] WebSocket closed, reconnecting (1/3)...
[20:58:22.242] [Global WebSocket] Suppressed error to prevent crash: Unexpected server response: 404
[20:58:22.242] [PAI SDK] WebSocket closed, reconnecting (1/3)...
[20:58:32.330] [Global WebSocket] Suppressed error to prevent crash: Unexpected server response: 404
[20:58:32.330] [PAI SDK] WebSocket closed, reconnecting (1/3)...
[20:58:42.395] [Global WebSocket] Suppressed error to prevent crash: Unexpected server response: 404
[20:58:42.395] [PAI SDK] WebSocket closed, reconnecting (1/3)...
[20:58:52.474] [Global WebSocket] Suppressed error to prevent crash: Unexpected server response: 404
[20:58:52.475] [PAI SDK] WebSocket closed, reconnecting (1/3)...
[20:59:02.542] [Global WebSocket] Suppressed error to prevent crash: Unexpected server response: 404
[20:59:02.542] [PAI SDK] WebSocket closed, reconnecting (1/3)...
[20:59:12.646] [Global WebSocket] Suppressed error to prevent crash: Unexpected server response: 404
[20:59:12.647] [PAI SDK] WebSocket closed, reconnecting (1/3)...
[20:59:22.742] [Global WebSocket] Suppressed error to prevent crash: Unexpected server response: 404
[20:59:22.742] [PAI SDK] WebSocket closed, reconnecting (1/3)...
[20:59:32.822] [Global WebSocket] Suppressed error to prevent crash: Unexpected server response: 404
[20:59:32.823] [PAI SDK] WebSocket closed, reconnecting (1/3)...
[20:59:42.904] [Global WebSocket] Suppressed error to prevent crash: Unexpected server response: 404
[20:59:42.904] [PAI SDK] WebSocket closed, reconnecting (1/3)...
[20:59:52.994] [Global WebSocket] Suppressed error to prevent crash: Unexpected server response: 404
[20:59:52.995] [PAI SDK] WebSocket closed, reconnecting (1/3)...
[21:00:03.069] [Global WebSocket] Suppressed error to prevent crash: Unexpected server response: 404
[21:00:03.069] [PAI SDK] WebSocket closed, reconnecting (1/3)...
[21:00:13.141] [Global WebSocket] Suppressed error to prevent crash: Unexpected server response: 404
[21:00:13.141] [PAI SDK] WebSocket closed, reconnecting (1/3)...
[21:00:23.207] [Global WebSocket] Suppressed error to prevent crash: Unexpected server response: 404
[21:00:23.207] [PAI SDK] WebSocket closed, reconnecting (1/3)...
[21:00:33.298] [Global WebSocket] Suppressed error to prevent crash: Unexpected server response: 404
[21:00:33.298] [PAI SDK] WebSocket closed, reconnecting (1/3)...
[21:00:43.377] [Global WebSocket] Suppressed error to prevent crash: Unexpected server response: 404
[21:00:43.377] [PAI SDK] WebSocket closed, reconnecting (1/3)...
[21:00:53.455] [Global WebSocket] Suppressed error to prevent crash: Unexpected server response: 404
[21:00:53.456] [PAI SDK] WebSocket closed, reconnecting (1/3)...
[21:01:03.548] [Global WebSocket] Suppressed error to prevent crash: Unexpected server response: 404
[21:01:03.548] [PAI SDK] WebSocket closed, reconnecting (1/3)...
[21:01:13.618] [Global WebSocket] Suppressed error to prevent crash: Unexpected server response: 404
[21:01:13.618] [PAI SDK] WebSocket closed, reconnecting (1/3)...
[21:01:23.683] [Global WebSocket] Suppressed error to prevent crash: Unexpected server response: 404
[21:01:23.683] [PAI SDK] WebSocket closed, reconnecting (1/3)...
[21:01:33.759] [Global WebSocket] Suppressed error to prevent crash: Unexpected server response: 404
[21:01:33.759] [PAI SDK] WebSocket closed, reconnecting (1/3)...
[21:01:43.818] [Global WebSocket] Suppressed error to prevent crash: Unexpected server response: 404
[21:01:43.818] [PAI SDK] WebSocket closed, reconnecting (1/3)...
[21:01:53.907] [Global WebSocket] Suppressed error to prevent crash: Unexpected server response: 404
[21:01:53.907] [PAI SDK] WebSocket closed, reconnecting (1/3)...
[21:02:04.003] [Global WebSocket] Suppressed error to prevent crash: Unexpected server response: 404
[21:02:04.004] [PAI SDK] WebSocket closed, reconnecting (1/3)...
[21:02:14.080] [Global WebSocket] Suppressed error to prevent crash: Unexpected server response: 404
[21:02:14.080] [PAI SDK] WebSocket closed, reconnecting (1/3)...
[21:02:24.197] [Global WebSocket] Suppressed error to prevent crash: Unexpected server response: 404
[21:02:24.197] [PAI SDK] WebSocket closed, reconnecting (1/3)...
[21:02:34.290] [Global WebSocket] Suppressed error to prevent crash: Unexpected server response: 404
[21:02:34.290] [PAI SDK] WebSocket closed, reconnecting (1/3)...
[21:02:44.391] [Global WebSocket] Suppressed error to prevent crash: Unexpected server response: 404
[21:02:44.392] [PAI SDK] WebSocket closed, reconnecting (1/3)...
[21:02:54.480] [Global WebSocket] Suppressed error to prevent crash: Unexpected server response: 404
[21:02:54.480] [PAI SDK] WebSocket closed, reconnecting (1/3)...
[21:03:04.562] [Global WebSocket] Suppressed error to prevent crash: Unexpected server response: 404
[21:03:04.564] [PAI SDK] WebSocket closed, reconnecting (1/3)...
[21:03:14.645] [Global WebSocket] Suppressed error to prevent crash: Unexpected server response: 404
[21:03:14.646] [PAI SDK] WebSocket closed, reconnecting (1/3)...
[21:03:24.728] [Global WebSocket] Suppressed error to prevent crash: Unexpected server response: 404
[21:03:24.728] [PAI SDK] WebSocket closed, reconnecting (1/3)...
[21:03:34.793] [Global WebSocket] Suppressed error to prevent crash: Unexpected server response: 404
[21:03:34.793] [PAI SDK] WebSocket closed, reconnecting (1/3)...
[21:03:44.868] [Global WebSocket] Suppressed error to prevent crash: Unexpected server response: 404
[21:03:44.868] [PAI SDK] WebSocket closed, reconnecting (1/3)...
[21:03:54.976] [Global WebSocket] Suppressed error to prevent crash: Unexpected server response: 404
[21:03:54.976] [PAI SDK] WebSocket closed, reconnecting (1/3)...
[21:04:05.045] [Global WebSocket] Suppressed error to prevent crash: Unexpected server response: 404
[21:04:05.045] [PAI SDK] WebSocket closed, reconnecting (1/3)...
[21:04:15.162] [Global WebSocket] Suppressed error to prevent crash: Unexpected server response: 404
[21:04:15.162] [PAI SDK] WebSocket closed, reconnecting (1/3)...
[21:04:25.237] [Global WebSocket] Suppressed error to prevent crash: Unexpected server response: 404
[21:04:25.237] [PAI SDK] WebSocket closed, reconnecting (1/3)...
[21:04:35.331] [Global WebSocket] Suppressed error to prevent crash: Unexpected server response: 404
[21:04:35.331] [PAI SDK] WebSocket closed, reconnecting (1/3)...
[21:04:45.407] [Global WebSocket] Suppressed error to prevent crash: Unexpected server response: 404
[21:04:45.408] [PAI SDK] WebSocket closed, reconnecting (1/3)...
[21:04:55.494] [Global WebSocket] Suppressed error to prevent crash: Unexpected server response: 404
[21:04:55.495] [PAI SDK] WebSocket closed, reconnecting (1/3)...
[21:05:05.613] [Global WebSocket] Suppressed error to prevent crash: Unexpected server response: 404
[21:05:05.614] [PAI SDK] WebSocket closed, reconnecting (1/3)...
[21:05:15.708] [Global WebSocket] Suppressed error to prevent crash: Unexpected server response: 404
[21:05:15.709] [PAI SDK] WebSocket closed, reconnecting (1/3)...
[21:05:25.766] [Global WebSocket] Suppressed error to prevent crash: Unexpected server response: 404
[21:05:25.767] [PAI SDK] WebSocket closed, reconnecting (1/3)...
[21:05:35.837] [Global WebSocket] Suppressed error to prevent crash: Unexpected server response: 404
[21:05:35.837] [PAI SDK] WebSocket closed, reconnecting (1/3)...
[21:05:45.923] [Global WebSocket] Suppressed error to prevent crash: Unexpected server response: 404
[21:05:45.923] [PAI SDK] WebSocket closed, reconnecting (1/3)...
[21:05:56.014] [Global WebSocket] Suppressed error to prevent crash: Unexpected server response: 404
[21:05:56.014] [PAI SDK] WebSocket closed, reconnecting (1/3)...
[21:06:06.130] [Global WebSocket] Suppressed error to prevent crash: Unexpected server response: 404
[21:06:06.130] [PAI SDK] WebSocket closed, reconnecting (1/3)...
[21:06:16.260] [Global WebSocket] Suppressed error to prevent crash: Unexpected server response: 404
[21:06:16.261] [PAI SDK] WebSocket closed, reconnecting (1/3)...
[21:06:26.343] [Global WebSocket] Suppressed error to prevent crash: Unexpected server response: 404
[21:06:26.343] [PAI SDK] WebSocket closed, reconnecting (1/3)...
[21:06:36.450] [Global WebSocket] Suppressed error to prevent crash: Unexpected server response: 404
[21:06:36.450] [PAI SDK] WebSocket closed, reconnecting (1/3)...
[21:06:46.518] [Global WebSocket] Suppressed error to prevent crash: Unexpected server response: 404
[21:06:46.518] [PAI SDK] WebSocket closed, reconnecting (1/3)...
[21:06:56.631] [Global WebSocket] Suppressed error to prevent crash: Unexpected server response: 404
[21:06:56.631] [PAI SDK] WebSocket closed, reconnecting (1/3)...
[21:07:06.705] [Global WebSocket] Suppressed error to prevent crash: Unexpected server response: 404
[21:07:06.705] [PAI SDK] WebSocket closed, reconnecting (1/3)...
[21:07:16.770] [Global WebSocket] Suppressed error to prevent crash: Unexpected server response: 404
[21:07:16.770] [PAI SDK] WebSocket closed, reconnecting (1/3)...
[21:07:26.828] [Global WebSocket] Suppressed error to prevent crash: Unexpected server response: 404
[21:07:26.828] [PAI SDK] WebSocket closed, reconnecting (1/3)...
[21:07:36.902] [Global WebSocket] Suppressed error to prevent crash: Unexpected server response: 404
[21:07:36.902] [PAI SDK] WebSocket closed, reconnecting (1/3)...
[21:07:47.015] [Global WebSocket] Suppressed error to prevent crash: Unexpected server response: 404
[21:07:47.015] [PAI SDK] WebSocket closed, reconnecting (1/3)...
[21:07:57.081] [Global WebSocket] Suppressed error to prevent crash: Unexpected server response: 404
[21:07:57.082] [PAI SDK] WebSocket closed, reconnecting (1/3)...
[21:08:22.228] [Global WebSocket] Suppressed error to prevent crash: Unexpected server response: 404
[21:08:22.228] [PAI SDK] WebSocket closed, reconnecting (1/3)...
[21:08:32.298] [Global WebSocket] Suppressed error to prevent crash: Unexpected server response: 404
[21:08:32.298] [PAI SDK] WebSocket closed, reconnecting (1/3)...
[21:08:42.364] [Global WebSocket] Suppressed error to prevent crash: Unexpected server response: 404
[21:08:42.364] [PAI SDK] WebSocket closed, reconnecting (1/3)...
[21:08:52.491] [Global WebSocket] Suppressed error to prevent crash: Unexpected server response: 404
[21:08:52.491] [PAI SDK] WebSocket closed, reconnecting (1/3)...
[21:09:02.568] [Global WebSocket] Suppressed error to prevent crash: Unexpected server response: 404
[21:09:02.569] [PAI SDK] WebSocket closed, reconnecting (1/3)...
[21:09:12.683] [Global WebSocket] Suppressed error to prevent crash: Unexpected server response: 404
[21:09:12.683] [PAI SDK] WebSocket closed, reconnecting (1/3)...
[21:09:22.743] [Global WebSocket] Suppressed error to prevent crash: Unexpected server response: 404
[21:09:22.744] [PAI SDK] WebSocket closed, reconnecting (1/3)...
[21:09:32.823] [Global WebSocket] Suppressed error to prevent crash: Unexpected server response: 404
[21:09:32.824] [PAI SDK] WebSocket closed, reconnecting (1/3)...
[21:09:42.899] [Global WebSocket] Suppressed error to prevent crash: Unexpected server response: 404
[21:09:42.900] [PAI SDK] WebSocket closed, reconnecting (1/3)...
[21:09:52.998] [Global WebSocket] Suppressed error to prevent crash: Unexpected server response: 404
[21:09:52.999] [PAI SDK] WebSocket closed, reconnecting (1/3)...
[21:10:03.078] [Global WebSocket] Suppressed error to prevent crash: Unexpected server response: 404
[21:10:03.078] [PAI SDK] WebSocket closed, reconnecting (1/3)...
[21:10:13.175] [Global WebSocket] Suppressed error to prevent crash: Unexpected server response: 404
[21:10:13.176] [PAI SDK] WebSocket closed, reconnecting (1/3)...
[21:10:23.254] [Global WebSocket] Suppressed error to prevent crash: Unexpected server response: 404
[21:10:23.255] [PAI SDK] WebSocket closed, reconnecting (1/3)...
[21:10:33.391] [Global WebSocket] Suppressed error to prevent crash: Unexpected server response: 404
[21:10:33.392] [PAI SDK] WebSocket closed, reconnecting (1/3)...
[21:10:43.476] [Global WebSocket] Suppressed error to prevent crash: Unexpected server response: 404
[21:10:43.476] [PAI SDK] WebSocket closed, reconnecting (1/3)...
[21:10:53.636] [Global WebSocket] Suppressed error to prevent crash: Unexpected server response: 404
[21:10:53.636] [PAI SDK] WebSocket closed, reconnecting (1/3)...
[21:11:03.752] [Global WebSocket] Suppressed error to prevent crash: Unexpected server response: 404
[21:11:03.753] [PAI SDK] WebSocket closed, reconnecting (1/3)...
[21:11:13.919] [Global WebSocket] Suppressed error to prevent crash: Unexpected server response: 404
[21:11:13.919] [PAI SDK] WebSocket closed, reconnecting (1/3)...
[21:11:23.984] [Global WebSocket] Suppressed error to prevent crash: Unexpected server response: 404
[21:11:23.984] [PAI SDK] WebSocket closed, reconnecting (1/3)...
[21:11:34.096] [Global WebSocket] Suppressed error to prevent crash: Unexpected server response: 404
[21:11:34.096] [PAI SDK] WebSocket closed, reconnecting (1/3)...
[21:11:44.163] [Global WebSocket] Suppressed error to prevent crash: Unexpected server response: 404
[21:11:44.163] [PAI SDK] WebSocket closed, reconnecting (1/3)...
[21:11:54.237] [Global WebSocket] Suppressed error to prevent crash: Unexpected server response: 404
[21:11:54.237] [PAI SDK] WebSocket closed, reconnecting (1/3)...
[21:12:04.318] [Global WebSocket] Suppressed error to prevent crash: Unexpected server response: 404
[21:12:04.319] [PAI SDK] WebSocket closed, reconnecting (1/3)...
[21:12:14.435] [Global WebSocket] Suppressed error to prevent crash: Unexpected server response: 404
[21:12:14.435] [PAI SDK] WebSocket closed, reconnecting (1/3)...
[21:12:24.661] [Global WebSocket] Suppressed error to prevent crash: Unexpected server response: 404
[21:12:24.661] [PAI SDK] WebSocket closed, reconnecting (1/3)...
[21:12:34.736] [Global WebSocket] Suppressed error to prevent crash: Unexpected server response: 404
[21:12:34.736] [PAI SDK] WebSocket closed, reconnecting (1/3)...
[21:12:44.842] [Global WebSocket] Suppressed error to prevent crash: Unexpected server response: 404
[21:12:44.842] [PAI SDK] WebSocket closed, reconnecting (1/3)...
[21:12:54.929] [Global WebSocket] Suppressed error to prevent crash: Unexpected server response: 404
[21:12:54.930] [PAI SDK] WebSocket closed, reconnecting (1/3)...
[21:13:05.023] [Global WebSocket] Suppressed error to prevent crash: Unexpected server response: 404
[21:13:05.023] [PAI SDK] WebSocket closed, reconnecting (1/3)...
[21:13:15.097] [Global WebSocket] Suppressed error to prevent crash: Unexpected server response: 404
[21:13:15.097] [PAI SDK] WebSocket closed, reconnecting (1/3)...
[21:13:25.213] [Global WebSocket] Suppressed error to prevent crash: Unexpected server response: 404
[21:13:25.213] [PAI SDK] WebSocket closed, reconnecting (1/3)...
[21:13:35.310] [Global WebSocket] Suppressed error to prevent crash: Unexpected server response: 404
[21:13:35.310] [PAI SDK] WebSocket closed, reconnecting (1/3)...
[21:13:45.382] [Global WebSocket] Suppressed error to prevent crash: Unexpected server response: 404
[21:13:45.382] [PAI SDK] WebSocket closed, reconnecting (1/3)...
[21:13:55.467] [Global WebSocket] Suppressed error to prevent crash: Unexpected server response: 404
[21:13:55.468] [PAI SDK] WebSocket closed, reconnecting (1/3)...
[21:14:05.569] [Global WebSocket] Suppressed error to prevent crash: Unexpected server response: 404
[21:14:05.570] [PAI SDK] WebSocket closed, reconnecting (1/3)...
[21:14:15.677] [Global WebSocket] Suppressed error to prevent crash: Unexpected server response: 404
[21:14:15.678] [PAI SDK] WebSocket closed, reconnecting (1/3)...
[21:14:25.754] [Global WebSocket] Suppressed error to prevent crash: Unexpected server response: 404
[21:14:25.755] [PAI SDK] WebSocket closed, reconnecting (1/3)...
[21:14:35.845] [Global WebSocket] Suppressed error to prevent crash: Unexpected server response: 404
[21:14:35.845] [PAI SDK] WebSocket closed, reconnecting (1/3)...
[21:14:45.915] [Global WebSocket] Suppressed error to prevent crash: Unexpected server response: 404
[21:14:45.916] [PAI SDK] WebSocket closed, reconnecting (1/3)...
[21:14:56.002] [Global WebSocket] Suppressed error to prevent crash: Unexpected server response: 404
[21:14:56.003] [PAI SDK] WebSocket closed, reconnecting (1/3)...
[21:15:06.075] [Global WebSocket] Suppressed error to prevent crash: Unexpected server response: 404
[21:15:06.076] [PAI SDK] WebSocket closed, reconnecting (1/3)...
[21:15:16.427] [Global WebSocket] Suppressed error to prevent crash: Unexpected server response: 404
[21:15:16.428] [PAI SDK] WebSocket closed, reconnecting (1/3)...
[21:15:26.528] [Global WebSocket] Suppressed error to prevent crash: Unexpected server response: 404
[21:15:26.528] [PAI SDK] WebSocket closed, reconnecting (1/3)...
[21:15:36.612] [Global WebSocket] Suppressed error to prevent crash: Unexpected server response: 404
[21:15:36.612] [PAI SDK] WebSocket closed, reconnecting (1/3)...
[21:15:46.727] [Global WebSocket] Suppressed error to prevent crash: Unexpected server response: 404
[21:15:46.728] [PAI SDK] WebSocket closed, reconnecting (1/3)...
[21:15:56.801] [Global WebSocket] Suppressed error to prevent crash: Unexpected server response: 404
[21:15:56.802] [PAI SDK] WebSocket closed, reconnecting (1/3)...
[21:16:06.884] [Global WebSocket] Suppressed error to prevent crash: Unexpected server response: 404
[21:16:06.884] [PAI SDK] WebSocket closed, reconnecting (1/3)...
[21:16:16.959] [Global WebSocket] Suppressed error to prevent crash: Unexpected server response: 404
[21:16:16.960] [PAI SDK] WebSocket closed, reconnecting (1/3)...
[21:16:27.034] [Global WebSocket] Suppressed error to prevent crash: Unexpected server response: 404
[21:16:27.034] [PAI SDK] WebSocket closed, reconnecting (1/3)...
[21:16:37.146] [Global WebSocket] Suppressed error to prevent crash: Unexpected server response: 404
[21:16:37.147] [PAI SDK] WebSocket closed, reconnecting (1/3)...
[21:16:47.228] [Global WebSocket] Suppressed error to prevent crash: Unexpected server response: 404
[21:16:47.229] [PAI SDK] WebSocket closed, reconnecting (1/3)...
[21:16:57.301] [Global WebSocket] Suppressed error to prevent crash: Unexpected server response: 404
[21:16:57.302] [PAI SDK] WebSocket closed, reconnecting (1/3)...
[21:17:07.403] [Global WebSocket] Suppressed error to prevent crash: Unexpected server response: 404
[21:17:07.404] [PAI SDK] WebSocket closed, reconnecting (1/3)...
[21:17:17.492] [Global WebSocket] Suppressed error to prevent crash: Unexpected server response: 404
[21:17:17.493] [PAI SDK] WebSocket closed, reconnecting (1/3)...
[21:17:27.565] [Global WebSocket] Suppressed error to prevent crash: Unexpected server response: 404
[21:17:27.565] [PAI SDK] WebSocket closed, reconnecting (1/3)...
[21:17:37.643] [Global WebSocket] Suppressed error to prevent crash: Unexpected server response: 404
[21:17:37.644] [PAI SDK] WebSocket closed, reconnecting (1/3)...
[21:17:47.716] [Global WebSocket] Suppressed error to prevent crash: Unexpected server response: 404
[21:17:47.716] [PAI SDK] WebSocket closed, reconnecting (1/3)...
[21:17:57.779] [Global WebSocket] Suppressed error to prevent crash: Unexpected server response: 404
[21:17:57.779] [PAI SDK] WebSocket closed, reconnecting (1/3)...
[21:18:07.866] [Global WebSocket] Suppressed error to prevent crash: Unexpected server response: 404
[21:18:07.867] [PAI SDK] WebSocket closed, reconnecting (1/3)...
[21:18:17.960] [Global WebSocket] Suppressed error to prevent crash: Unexpected server response: 404
[21:18:17.961] [PAI SDK] WebSocket closed, reconnecting (1/3)...
[21:18:28.040] [Global WebSocket] Suppressed error to prevent crash: Unexpected server response: 404
[21:18:28.040] [PAI SDK] WebSocket closed, reconnecting (1/3)...
[21:18:38.107] [Global WebSocket] Suppressed error to prevent crash: Unexpected server response: 404
[21:18:38.107] [PAI SDK] WebSocket closed, reconnecting (1/3)...
[21:18:48.186] [Global WebSocket] Suppressed error to prevent crash: Unexpected server response: 404
[21:18:48.187] [PAI SDK] WebSocket closed, reconnecting (1/3)...
[21:18:58.265] [Global WebSocket] Suppressed error to prevent crash: Unexpected server response: 404
[21:18:58.265] [PAI SDK] WebSocket closed, reconnecting (1/3)...
[21:19:08.350] [Global WebSocket] Suppressed error to prevent crash: Unexpected server response: 404
[21:19:08.350] [PAI SDK] WebSocket closed, reconnecting (1/3)...
[21:19:18.455] [Global WebSocket] Suppressed error to prevent crash: Unexpected server response: 404
[21:19:18.456] [PAI SDK] WebSocket closed, reconnecting (1/3)...
[21:19:28.513] [Global WebSocket] Suppressed error to prevent crash: Unexpected server response: 404
[21:19:28.513] [PAI SDK] WebSocket closed, reconnecting (1/3)...
[21:19:38.587] [Global WebSocket] Suppressed error to prevent crash: Unexpected server response: 404
[21:19:38.587] [PAI SDK] WebSocket closed, reconnecting (1/3)...
[21:19:48.659] [Global WebSocket] Suppressed error to prevent crash: Unexpected server response: 404
[21:19:48.660] [PAI SDK] WebSocket closed, reconnecting (1/3)...
[21:19:58.723] [Global WebSocket] Suppressed error to prevent crash: Unexpected server response: 404
[21:19:58.723] [PAI SDK] WebSocket closed, reconnecting (1/3)...
[21:20:08.807] [Global WebSocket] Suppressed error to prevent crash: Unexpected server response: 404
[21:20:08.807] [PAI SDK] WebSocket closed, reconnecting (1/3)...
[21:20:18.873] [Global WebSocket] Suppressed error to prevent crash: Unexpected server response: 404
[21:20:18.873] [PAI SDK] WebSocket closed, reconnecting (1/3)...
[21:20:28.945] [Global WebSocket] Suppressed error to prevent crash: Unexpected server response: 404
[21:20:28.945] [PAI SDK] WebSocket closed, reconnecting (1/3)...
[21:20:39.011] [Global WebSocket] Suppressed error to prevent crash: Unexpected server response: 404
[21:20:39.012] [PAI SDK] WebSocket closed, reconnecting (1/3)...
[21:20:49.080] [Global WebSocket] Suppressed error to prevent crash: Unexpected server response: 404
[21:20:49.080] [PAI SDK] WebSocket closed, reconnecting (1/3)...
[21:20:59.171] [Global WebSocket] Suppressed error to prevent crash: Unexpected server response: 404
[21:20:59.171] [PAI SDK] WebSocket closed, reconnecting (1/3)...
[21:21:09.245] [Global WebSocket] Suppressed error to prevent crash: Unexpected server response: 404
[21:21:09.246] [PAI SDK] WebSocket closed, reconnecting (1/3)...
[21:21:19.313] [Global WebSocket] Suppressed error to prevent crash: Unexpected server response: 404
[21:21:19.314] [PAI SDK] WebSocket closed, reconnecting (1/3)...
[21:21:29.395] [Global WebSocket] Suppressed error to prevent crash: Unexpected server response: 404
[21:21:29.395] [PAI SDK] WebSocket closed, reconnecting (1/3)...
[21:21:39.596] [Global WebSocket] Suppressed error to prevent crash: Unexpected server response: 404
[21:21:39.596] [PAI SDK] WebSocket closed, reconnecting (1/3)...
[21:21:49.680] [Global WebSocket] Suppressed error to prevent crash: Unexpected server response: 404
[21:21:49.680] [PAI SDK] WebSocket closed, reconnecting (1/3)...
[21:21:59.771] [Global WebSocket] Suppressed error to prevent crash: Unexpected server response: 404
[21:21:59.772] [PAI SDK] WebSocket closed, reconnecting (1/3)...
[21:22:09.841] [Global WebSocket] Suppressed error to prevent crash: Unexpected server response: 404
[21:22:09.841] [PAI SDK] WebSocket closed, reconnecting (1/3)...
[21:22:19.930] [Global WebSocket] Suppressed error to prevent crash: Unexpected server response: 404
[21:22:19.930] [PAI SDK] WebSocket closed, reconnecting (1/3)...
[21:22:29.994] [Global WebSocket] Suppressed error to prevent crash: Unexpected server response: 404
[21:22:29.994] [PAI SDK] WebSocket closed, reconnecting (1/3)...
[21:22:40.089] [Global WebSocket] Suppressed error to prevent crash: Unexpected server response: 404
[21:22:40.089] [PAI SDK] WebSocket closed, reconnecting (1/3)...
[21:22:50.161] [Global WebSocket] Suppressed error to prevent crash: Unexpected server response: 404
[21:22:50.161] [PAI SDK] WebSocket closed, reconnecting (1/3)...
[21:23:00.237] [Global WebSocket] Suppressed error to prevent crash: Unexpected server response: 404
[21:23:00.237] [PAI SDK] WebSocket closed, reconnecting (1/3)...
[21:23:10.306] [Global WebSocket] Suppressed error to prevent crash: Unexpected server response: 404
[21:23:10.307] [PAI SDK] WebSocket closed, reconnecting (1/3)...
[21:23:19.579] [Preview Server] Frontend disconnected, clients size = 1
[21:23:20.380] [Global WebSocket] Suppressed error to prevent crash: Unexpected server response: 404
[21:23:20.380] [PAI SDK] WebSocket closed, reconnecting (1/3)...
